#
# A fatal error has been detected by the Java Runtime Environment:
#
#  EXCEPTION_ACCESS_VIOLATION (0xc0000005) at pc=0x00007ffbce142c62, pid=3552, tid=9924
#
# JRE version: OpenJDK Runtime Environment Temurin-17.0.4.1+1 (17.0.4.1+1) (build 17.0.4.1+1)
# Java VM: OpenJDK 64-Bit Server VM Temurin-17.0.4.1+1 (17.0.4.1+1, mixed mode, tiered, compressed oops, compressed class ptrs, g1 gc, windows-amd64)
# Problematic frame:
# C  [ntdll.dll+0x32c62]
#
# No core dump will be written. Minidumps are not enabled by default on client versions of Windows
#
# If you would like to submit a bug report, please visit:
#   https://github.com/adoptium/adoptium-support/issues
# The crash happened outside the Java Virtual Machine in native code.
# See problematic frame for where to report the bug.
#

---------------  S U M M A R Y ------------

Command Line: -Dfile.encoding=UTF-8 -XX:+ShowCodeDetailsInExceptionMessages main.Main

Host: AMD Ryzen 7 5700U with Radeon Graphics         , 16 cores, 15G,  Windows 10 , 64 bit Build 19041 (10.0.19041.2364)
Time: Tue Dec 20 12:28:48 2022 SE Asia Standard Time elapsed time: 87.378246 seconds (0d 0h 1m 27s)

---------------  T H R E A D  ---------------

Current thread (0x000002067538cb10):  JavaThread "Thread-0" [_thread_in_native, id=9924, stack(0x000000d727700000,0x000000d727800000)]

Stack: [0x000000d727700000,0x000000d727800000],  sp=0x000000d7277fd3a0,  free space=1012k
Native frames: (J=compiled Java code, j=interpreted, Vv=VM code, C=native code)
C  [ntdll.dll+0x32c62]
C  [ntdll.dll+0x513bc]
C  [ntdll.dll+0xa0f4e]
C  [ntdll.dll+0x63526]
C  [ntdll.dll+0x2fcb4]
C  [ntdll.dll+0x2fae2]
C  0x00007ffb9edcfb4c

Java frames: (J=compiled Java code, j=interpreted, Vv=VM code)
j  sun.java2d.d3d.D3DSurfaceData.initOps(III)V+0 java.desktop@17.0.4.1
j  sun.java2d.d3d.D3DSurfaceData.<init>(Lsun/awt/windows/WComponentPeer;Lsun/java2d/d3d/D3DGraphicsConfig;IILjava/awt/Image;Ljava/awt/image/ColorModel;IILsun/java2d/pipe/hw/ExtendedBufferCapabilities$VSyncType;I)V+212 java.desktop@17.0.4.1
j  sun.java2d.d3d.D3DSurfaceData.createData(Lsun/java2d/d3d/D3DGraphicsConfig;IILjava/awt/image/ColorModel;Ljava/awt/Image;I)Lsun/java2d/d3d/D3DSurfaceData;+70 java.desktop@17.0.4.1
j  sun.java2d.d3d.D3DGraphicsConfig.createManagedSurface(III)Lsun/java2d/SurfaceData;+10 java.desktop@17.0.4.1
j  sun.java2d.d3d.D3DSurfaceDataProxy.validateSurfaceData(Lsun/java2d/SurfaceData;Lsun/java2d/SurfaceData;II)Lsun/java2d/SurfaceData;+22 java.desktop@17.0.4.1
J 1754 c1 sun.java2d.SurfaceDataProxy.replaceData(Lsun/java2d/SurfaceData;ILsun/java2d/loops/CompositeType;Ljava/awt/Color;)Lsun/java2d/SurfaceData; java.desktop@17.0.4.1 (329 bytes) @ 0x00000206584940ac [0x0000020658493840+0x000000000000086c]
J 1977 c2 sun.java2d.pipe.DrawImage.renderImageScale(Lsun/java2d/SunGraphics2D;Ljava/awt/Image;Ljava/awt/Color;IIIIIDDDD)Z java.desktop@17.0.4.1 (158 bytes) @ 0x000002065f703bf4 [0x000002065f701a40+0x00000000000021b4]
J 2002 c2 sun.java2d.pipe.DrawImage.transformImage(Lsun/java2d/SunGraphics2D;Ljava/awt/Image;Ljava/awt/geom/AffineTransform;IIIIILjava/awt/Color;)V java.desktop@17.0.4.1 (124 bytes) @ 0x000002065f711b2c [0x000002065f7118c0+0x000000000000026c]
J 2282 c1 sun.java2d.pipe.DrawImage.scaleImage(Lsun/java2d/SunGraphics2D;Ljava/awt/Image;IIIIIIIILjava/awt/Color;)Z java.desktop@17.0.4.1 (488 bytes) @ 0x000002065858b46c [0x000002065858a000+0x000000000000146c]
J 2215 c1 sun.java2d.pipe.DrawImage.copyImage(Lsun/java2d/SunGraphics2D;Ljava/awt/Image;IIIIIILjava/awt/Color;)Z java.desktop@17.0.4.1 (74 bytes) @ 0x000002065855e394 [0x000002065855dfe0+0x00000000000003b4]
J 2214 c1 sun.java2d.pipe.DrawImage.copyImage(Lsun/java2d/SunGraphics2D;Ljava/awt/Image;IIIIIILjava/awt/Color;Ljava/awt/image/ImageObserver;)Z java.desktop@17.0.4.1 (91 bytes) @ 0x000002065855d66c [0x000002065855d100+0x000000000000056c]
J 2213 c1 sun.java2d.pipe.ValidatePipe.copyImage(Lsun/java2d/SunGraphics2D;Ljava/awt/Image;IIIIIILjava/awt/Color;Ljava/awt/image/ImageObserver;)Z java.desktop@17.0.4.1 (37 bytes) @ 0x000002065855cac4 [0x000002065855c780+0x0000000000000344]
J 2225 c1 sun.java2d.SunGraphics2D.copyImage(Ljava/awt/Image;IIIIIILjava/awt/Color;Ljava/awt/image/ImageObserver;)Z java.desktop@17.0.4.1 (107 bytes) @ 0x0000020658562edc [0x0000020658562d40+0x000000000000019c]
J 2146 c2 sun.java2d.SunGraphics2D.drawImage(Ljava/awt/Image;IIIILjava/awt/image/ImageObserver;)Z java.desktop@17.0.4.1 (15 bytes) @ 0x000002065f74055c [0x000002065f73fda0+0x00000000000007bc]
J 2212 c1 main.GamePanel.drawToScreen()V (30 bytes) @ 0x000002065855c23c [0x000002065855c0e0+0x000000000000015c]
J 2036% c2 main.GamePanel.run()V (119 bytes) @ 0x000002065f71b778 [0x000002065f71b6e0+0x0000000000000098]
j  java.lang.Thread.run()V+11 java.base@17.0.4.1
v  ~StubRoutines::call_stub

siginfo: EXCEPTION_ACCESS_VIOLATION (0xc0000005), reading address 0x00007ffb9ef88138


Register to memory mapping:

RIP=0x00007ffbce142c62 ntdll.dll
RAX=0x000000000000304e is an unknown value
RBX=0x000000000000fb4c is an unknown value
RCX=0x000000000000c144 is an unknown value
RDX=0x000000000000101b is an unknown value
RSP=0x000000d7277fd3a0 is pointing into the stack for thread: 0x000002067538cb10
RBP=0x000000d7277fd930 is pointing into the stack for thread: 0x000002067538cb10
RSI=0x0 is NULL
RDI=0x00007ffb9ef7c000 is an unknown value
R8 =0x00007ffb9edc0000 is an unknown value
R9 =0x0000000000000001 is an unknown value
R10=0x00007ffbce291510 ntdll.dll
R11=0x0000000000000011 is an unknown value
R12=0x0 is NULL
R13=0x00007ffbce2838f0 ntdll.dll
R14=0x000000d7277fd9d0 is pointing into the stack for thread: 0x000002067538cb10
R15=0x000000d7277fd948 is pointing into the stack for thread: 0x000002067538cb10


Registers:
RAX=0x000000000000304e, RBX=0x000000000000fb4c, RCX=0x000000000000c144, RDX=0x000000000000101b
RSP=0x000000d7277fd3a0, RBP=0x000000d7277fd930, RSI=0x0000000000000000, RDI=0x00007ffb9ef7c000
R8 =0x00007ffb9edc0000, R9 =0x0000000000000001, R10=0x00007ffbce291510, R11=0x0000000000000011
R12=0x0000000000000000, R13=0x00007ffbce2838f0, R14=0x000000d7277fd9d0, R15=0x000000d7277fd948
RIP=0x00007ffbce142c62, EFLAGS=0x0000000000010202

Top of Stack: (sp=0x000000d7277fd3a0)
0x000000d7277fd3a0:   0000000000000000 000000d700000000
0x000000d7277fd3b0:   000000d7277fd3c0 000000d7277fd3c8
0x000000d7277fd3c0:   00007ffb9ef7c000 00007ffb9edc0000
0x000000d7277fd3d0:   0000c144001ce000 0000000000000000
0x000000d7277fd3e0:   00007ffb9edcfb4c 00007ffbce1613bc
0x000000d7277fd3f0:   000000d7277fdff0 0000000000000000
0x000000d7277fd400:   0000000000000000 000000d7277fd430
0x000000d7277fd410:   000000d7277fd430 000000d7277fd950
0x000000d7277fd420:   000000d7277fd940 0000000000000000
0x000000d7277fd430:   000000d7746d2120 00007ffb8b9a980f
0x000000d7277fd440:   000000d7277fe760 000002065855dc0c
0x000000d7277fd450:   000000d7277fd4f8 00007ffb8b9aa419
0x000000d7277fd460:   00001fa20010000f 00007ffb8be30033
0x000000d7277fd470:   00010213002bd4f8 00007ffb8bec0100
0x000000d7277fd480:   000000d7277fd560 0000000000000001
0x000000d7277fd490:   00000000746d1fd0 00007ffb8b9aa18d 

Instructions: (pc=0x00007ffbce142c62)
0x00007ffbce142b62:   41 83 f8 e7 73 09 48 83 c1 18 48 3b cb 72 c3 b8
0x00007ffbce142b72:   7b 00 00 c0 89 44 24 20 4c 8b 54 24 28 eb 15 b8
0x00007ffbce142b82:   7b 00 00 c0 eb cc b8 7b 00 00 c0 89 44 24 20 4c
0x00007ffbce142b92:   8b 54 24 28 eb 13 b8 7b 00 00 c0 89 44 24 20 4c
0x00007ffbce142ba2:   8b 4c 24 68 4c 8b 54 24 28 85 c0 78 03 4d 89 11
0x00007ffbce142bb2:   48 83 c4 40 5b c3 cc b1 01 48 83 fb 40 0f 83 5b
0x00007ffbce142bc2:   ff ff ff b8 7b 00 00 c0 eb e6 cc cc cc cc cc cc
0x00007ffbce142bd2:   cc cc cc cc cc cc cc cc cc cc cc cc cc cc 48 89
0x00007ffbce142be2:   5c 24 18 4c 89 74 24 20 41 57 48 83 ec 40 4d 8b
0x00007ffbce142bf2:   f0 4c 8b fa 48 8b d9 4d 85 c0 0f 85 3c 01 00 00
0x00007ffbce142c02:   48 8b 0d 0f e9 14 00 48 89 74 24 50 48 89 7c 24
0x00007ffbce142c12:   58 48 3b d9 0f 83 ec 00 00 00 48 8d 54 24 20 48
0x00007ffbce142c22:   8b cb e8 17 03 00 00 48 8b f8 48 85 ff 0f 84 da
0x00007ffbce142c32:   02 00 00 8b 4c 24 34 48 b8 ab aa aa aa aa aa aa
0x00007ffbce142c42:   aa 4c 8b 44 24 28 33 f6 48 f7 e1 4d 89 07 48 c1
0x00007ffbce142c52:   ea 03 85 d2 74 73 8d 42 ff 49 2b d8 48 8d 04 40
0x00007ffbce142c62:   44 8b 1c 87 4c 8d 14 87 49 3b db 73 48 44 8d 42
0x00007ffbce142c72:   fe 44 8b ce 45 85 c0 78 3c 0f 1f 44 00 00 43 8d
0x00007ffbce142c82:   04 08 d1 f8 48 63 c8 48 8d 14 49 4c 8d 14 97 8b
0x00007ffbce142c92:   14 97 48 3b da 72 12 41 8b 4a 0c 44 8b da 48 3b
0x00007ffbce142ca2:   d9 72 12 44 8d 48 01 eb 04 44 8d 40 ff 44 8b da
0x00007ffbce142cb2:   45 3b c1 7d c9 41 8b c3 48 3b d8 72 0c 41 8b 42
0x00007ffbce142cc2:   04 48 3b d8 73 03 49 8b f2 48 8b 7c 24 58 48 85
0x00007ffbce142cd2:   f6 74 19 4d 85 f6 0f 85 ea 00 00 00 48 85 f6 74
0x00007ffbce142ce2:   0b 8b 46 08 a8 01 0f 85 34 02 00 00 48 8b c6 48
0x00007ffbce142cf2:   8b 74 24 50 48 8b 5c 24 60 4c 8b 74 24 68 48 83
0x00007ffbce142d02:   c4 40 41 5f c3 cc 8b 05 12 e8 14 00 48 03 c1 48
0x00007ffbce142d12:   3b d8 0f 83 02 ff ff ff 0f 28 0d ef e7 14 00 f2
0x00007ffbce142d22:   0f 10 05 f7 e7 14 00 66 48 0f 7e cf 0f 11 4c 24
0x00007ffbce142d32:   20 f2 0f 11 44 24 30 e9 ee fe ff ff 41 80 78 07
0x00007ffbce142d42:   00 4c 8d 1d d6 e6 14 00 0f 85 6b 01 00 00 41 80
0x00007ffbce142d52:   78 06 00 0f 84 a7 fe ff ff 48 3b 1d c6 e6 14 00 


Stack slot to memory mapping:
stack at sp + 0 slots: 0x0 is NULL
stack at sp + 1 slots: 0x000000d700000000 is an unknown value
stack at sp + 2 slots: 0x000000d7277fd3c0 is pointing into the stack for thread: 0x000002067538cb10
stack at sp + 3 slots: 0x000000d7277fd3c8 is pointing into the stack for thread: 0x000002067538cb10
stack at sp + 4 slots: 0x00007ffb9ef7c000 is an unknown value
stack at sp + 5 slots: 0x00007ffb9edc0000 is an unknown value
stack at sp + 6 slots: 0x0000c144001ce000 is an unknown value
stack at sp + 7 slots: 0x0 is NULL


---------------  P R O C E S S  ---------------

Threads class SMR info:
_java_thread_list=0x000002067b754c20, length=116, elements={
0x00000206748210d0, 0x0000020674824b20, 0x000002067488e280, 0x000002067488ec30,
0x000002067488f5e0, 0x000002067488ff90, 0x0000020674891c80, 0x0000020674897b80,
0x00000206748aa950, 0x0000020674a21d60, 0x0000020674a381a0, 0x0000020674cf37e0,
0x000002067ba73820, 0x00000206751fb2e0, 0x000002067538cfe0, 0x000002067538d4b0,
0x000002067538d980, 0x000002067538de50, 0x000002067538cb10, 0x000002067538e320,
0x00000206753217f0, 0x000002067531e7d0, 0x0000020675321320, 0x000002067531cfc0,
0x000002067531e300, 0x00000206753239a0, 0x0000020675322660, 0x0000020675323e70,
0x000002067531ffe0, 0x0000020675320980, 0x000002067531d490, 0x000002067531d960,
0x000002067531eca0, 0x0000020675322190, 0x000002067531c620, 0x0000020675323000,
0x000002067531f170, 0x000002067531caf0, 0x000002067531f640, 0x000002067531fb10,
0x00000206753234d0, 0x00000206753204b0, 0x0000020675320e50, 0x0000020675321cc0,
0x0000020675322b30, 0x000002067b73df50, 0x000002067b7422b0, 0x000002067b73e8f0,
0x000002067b73f760, 0x000002067b73f290, 0x000002067b7452d0, 0x000002067b740aa0,
0x000002067b7435f0, 0x000002067b742780, 0x000002067b741440, 0x000002067b743f90,
0x000002067b73fc30, 0x000002067b744e00, 0x000002067b740100, 0x000002067b73e420,
0x000002067b740f70, 0x000002067b7457a0, 0x000002067b73edc0, 0x000002067b741910,
0x000002067b741de0, 0x000002067b743ac0, 0x000002067b7405d0, 0x000002067b742c50,
0x000002067b743120, 0x000002067b744460, 0x000002067b744930, 0x000002067514fca0,
0x0000020675152320, 0x0000020675150170, 0x0000020675150b10, 0x0000020675150640,
0x0000020675150fe0, 0x00000206751514b0, 0x0000020675151980, 0x0000020675152cc0,
0x0000020675151e50, 0x00000206751527f0, 0x000002067514f300, 0x000002067514f7d0,
0x00000206751606e0, 0x0000020675166250, 0x0000020675164570, 0x00000206751653e0,
0x0000020675162890, 0x0000020675162d60, 0x0000020675163230, 0x00000206751658b0,
0x0000020675165d80, 0x0000020675163bd0, 0x000002067515f3a0, 0x0000020675160bb0,
0x000002067515fd40, 0x0000020675163700, 0x0000020675166720, 0x0000020675164a40,
0x00000206751640a0, 0x0000020675161080, 0x0000020675164f10, 0x0000020675166bf0,
0x000002067515f870, 0x0000020675160210, 0x0000020675161550, 0x0000020675161a20,
0x0000020675161ef0, 0x00000206751623c0, 0x000002067b818710, 0x000002067b813a10,
0x000002067b814d50, 0x000002067b8190b0, 0x000002067b814880, 0x000002067b8173d0
}

Java Threads: ( => current thread )
  0x00000206748210d0 JavaThread "Reference Handler" daemon [_thread_blocked, id=6136, stack(0x000000d724900000,0x000000d724a00000)]
  0x0000020674824b20 JavaThread "Finalizer" daemon [_thread_blocked, id=19736, stack(0x000000d724a00000,0x000000d724b00000)]
  0x000002067488e280 JavaThread "Signal Dispatcher" daemon [_thread_blocked, id=20316, stack(0x000000d724b00000,0x000000d724c00000)]
  0x000002067488ec30 JavaThread "Attach Listener" daemon [_thread_blocked, id=14972, stack(0x000000d724c00000,0x000000d724d00000)]
  0x000002067488f5e0 JavaThread "Service Thread" daemon [_thread_blocked, id=15804, stack(0x000000d724d00000,0x000000d724e00000)]
  0x000002067488ff90 JavaThread "Monitor Deflation Thread" daemon [_thread_blocked, id=9532, stack(0x000000d724e00000,0x000000d724f00000)]
  0x0000020674891c80 JavaThread "C2 CompilerThread0" daemon [_thread_blocked, id=15096, stack(0x000000d724f00000,0x000000d725000000)]
  0x0000020674897b80 JavaThread "C1 CompilerThread0" daemon [_thread_blocked, id=14528, stack(0x000000d725000000,0x000000d725100000)]
  0x00000206748aa950 JavaThread "Sweeper thread" daemon [_thread_blocked, id=4976, stack(0x000000d725100000,0x000000d725200000)]
  0x0000020674a21d60 JavaThread "Notification Thread" daemon [_thread_blocked, id=20460, stack(0x000000d725300000,0x000000d725400000)]
  0x0000020674a381a0 JavaThread "Common-Cleaner" daemon [_thread_blocked, id=19012, stack(0x000000d725500000,0x000000d725600000)]
  0x0000020674cf37e0 JavaThread "Java2D Disposer" daemon [_thread_blocked, id=14804, stack(0x000000d725600000,0x000000d725700000)]
  0x000002067ba73820 JavaThread "AWT-Shutdown" [_thread_blocked, id=1532, stack(0x000000d726c00000,0x000000d726d00000)]
  0x00000206751fb2e0 JavaThread "AWT-EventQueue-0" [_thread_blocked, id=3360, stack(0x000000d726d00000,0x000000d726e00000)]
  0x000002067538cfe0 JavaThread "Java Sound Event Dispatcher" daemon [_thread_blocked, id=12280, stack(0x000000d727000000,0x000000d727100000)]
  0x000002067538d4b0 JavaThread "Direct Clip" daemon [_thread_blocked, id=15280, stack(0x000000d727300000,0x000000d727400000)]
  0x000002067538d980 JavaThread "Direct Clip" daemon [_thread_blocked, id=2796, stack(0x000000d727400000,0x000000d727500000)]
  0x000002067538de50 JavaThread "Direct Clip" daemon [_thread_blocked, id=18524, stack(0x000000d727600000,0x000000d727700000)]
=>0x000002067538cb10 JavaThread "Thread-0" [_thread_in_native, id=9924, stack(0x000000d727700000,0x000000d727800000)]
  0x000002067538e320 JavaThread "DestroyJavaVM" [_thread_blocked, id=20344, stack(0x000000d724200000,0x000000d724300000)]
  0x00000206753217f0 JavaThread "Direct Clip" daemon [_thread_blocked, id=17956, stack(0x000000d727a00000,0x000000d727b00000)]
  0x000002067531e7d0 JavaThread "Direct Clip" daemon [_thread_blocked, id=7996, stack(0x000000d727b00000,0x000000d727c00000)]
  0x0000020675321320 JavaThread "Direct Clip" daemon [_thread_blocked, id=14432, stack(0x000000d728000000,0x000000d728100000)]
  0x000002067531cfc0 JavaThread "Direct Clip" daemon [_thread_blocked, id=620, stack(0x000000d727d00000,0x000000d727e00000)]
  0x000002067531e300 JavaThread "Direct Clip" daemon [_thread_blocked, id=4656, stack(0x000000d727e00000,0x000000d727f00000)]
  0x00000206753239a0 JavaThread "Direct Clip" daemon [_thread_blocked, id=21252, stack(0x000000d728100000,0x000000d728200000)]
  0x0000020675322660 JavaThread "Direct Clip" daemon [_thread_blocked, id=16696, stack(0x000000d728200000,0x000000d728300000)]
  0x0000020675323e70 JavaThread "Direct Clip" daemon [_thread_blocked, id=13008, stack(0x000000d728300000,0x000000d728400000)]
  0x000002067531ffe0 JavaThread "Direct Clip" daemon [_thread_blocked, id=864, stack(0x000000d728400000,0x000000d728500000)]
  0x0000020675320980 JavaThread "Direct Clip" daemon [_thread_blocked, id=19076, stack(0x000000d728500000,0x000000d728600000)]
  0x000002067531d490 JavaThread "Direct Clip" daemon [_thread_blocked, id=20048, stack(0x000000d728600000,0x000000d728700000)]
  0x000002067531d960 JavaThread "Direct Clip" daemon [_thread_blocked, id=2912, stack(0x000000d728700000,0x000000d728800000)]
  0x000002067531eca0 JavaThread "Direct Clip" daemon [_thread_blocked, id=12868, stack(0x000000d728800000,0x000000d728900000)]
  0x0000020675322190 JavaThread "Direct Clip" daemon [_thread_blocked, id=10408, stack(0x000000d728900000,0x000000d728a00000)]
  0x000002067531c620 JavaThread "Direct Clip" daemon [_thread_blocked, id=9988, stack(0x000000d728a00000,0x000000d728b00000)]
  0x0000020675323000 JavaThread "Direct Clip" daemon [_thread_blocked, id=17752, stack(0x000000d728b00000,0x000000d728c00000)]
  0x000002067531f170 JavaThread "Direct Clip" daemon [_thread_blocked, id=10780, stack(0x000000d728c00000,0x000000d728d00000)]
  0x000002067531caf0 JavaThread "Direct Clip" daemon [_thread_blocked, id=18444, stack(0x000000d728d00000,0x000000d728e00000)]
  0x000002067531f640 JavaThread "Direct Clip" daemon [_thread_blocked, id=20568, stack(0x000000d728e00000,0x000000d728f00000)]
  0x000002067531fb10 JavaThread "Direct Clip" daemon [_thread_blocked, id=12388, stack(0x000000d728f00000,0x000000d729000000)]
  0x00000206753234d0 JavaThread "Direct Clip" daemon [_thread_blocked, id=16704, stack(0x000000d729000000,0x000000d729100000)]
  0x00000206753204b0 JavaThread "Direct Clip" daemon [_thread_blocked, id=10652, stack(0x000000d729100000,0x000000d729200000)]
  0x0000020675320e50 JavaThread "Direct Clip" daemon [_thread_blocked, id=6496, stack(0x000000d729200000,0x000000d729300000)]
  0x0000020675321cc0 JavaThread "Direct Clip" daemon [_thread_blocked, id=10404, stack(0x000000d729300000,0x000000d729400000)]
  0x0000020675322b30 JavaThread "Direct Clip" daemon [_thread_blocked, id=10344, stack(0x000000d729400000,0x000000d729500000)]
  0x000002067b73df50 JavaThread "Direct Clip" daemon [_thread_blocked, id=8384, stack(0x000000d729500000,0x000000d729600000)]
  0x000002067b7422b0 JavaThread "Direct Clip" daemon [_thread_blocked, id=10200, stack(0x000000d729600000,0x000000d729700000)]
  0x000002067b73e8f0 JavaThread "Direct Clip" daemon [_thread_blocked, id=14236, stack(0x000000d729700000,0x000000d729800000)]
  0x000002067b73f760 JavaThread "Direct Clip" daemon [_thread_blocked, id=2724, stack(0x000000d729800000,0x000000d729900000)]
  0x000002067b73f290 JavaThread "Direct Clip" daemon [_thread_blocked, id=11600, stack(0x000000d729900000,0x000000d729a00000)]
  0x000002067b7452d0 JavaThread "Direct Clip" daemon [_thread_blocked, id=12116, stack(0x000000d729a00000,0x000000d729b00000)]
  0x000002067b740aa0 JavaThread "Direct Clip" daemon [_thread_blocked, id=5616, stack(0x000000d729b00000,0x000000d729c00000)]
  0x000002067b7435f0 JavaThread "Direct Clip" daemon [_thread_blocked, id=21004, stack(0x000000d729c00000,0x000000d729d00000)]
  0x000002067b742780 JavaThread "Direct Clip" daemon [_thread_blocked, id=14592, stack(0x000000d729d00000,0x000000d729e00000)]
  0x000002067b741440 JavaThread "Direct Clip" daemon [_thread_blocked, id=672, stack(0x000000d729e00000,0x000000d729f00000)]
  0x000002067b743f90 JavaThread "Direct Clip" daemon [_thread_blocked, id=20744, stack(0x000000d729f00000,0x000000d72a000000)]
  0x000002067b73fc30 JavaThread "Direct Clip" daemon [_thread_blocked, id=15016, stack(0x000000d72a000000,0x000000d72a100000)]
  0x000002067b744e00 JavaThread "Direct Clip" daemon [_thread_blocked, id=15820, stack(0x000000d72a100000,0x000000d72a200000)]
  0x000002067b740100 JavaThread "Direct Clip" daemon [_thread_blocked, id=11980, stack(0x000000d72a200000,0x000000d72a300000)]
  0x000002067b73e420 JavaThread "Direct Clip" daemon [_thread_blocked, id=14544, stack(0x000000d72a300000,0x000000d72a400000)]
  0x000002067b740f70 JavaThread "Direct Clip" daemon [_thread_blocked, id=21360, stack(0x000000d72a400000,0x000000d72a500000)]
  0x000002067b7457a0 JavaThread "Direct Clip" daemon [_thread_blocked, id=12876, stack(0x000000d72a500000,0x000000d72a600000)]
  0x000002067b73edc0 JavaThread "Direct Clip" daemon [_thread_blocked, id=8952, stack(0x000000d72a600000,0x000000d72a700000)]
  0x000002067b741910 JavaThread "Direct Clip" daemon [_thread_blocked, id=2716, stack(0x000000d72a700000,0x000000d72a800000)]
  0x000002067b741de0 JavaThread "Direct Clip" daemon [_thread_blocked, id=14644, stack(0x000000d72a800000,0x000000d72a900000)]
  0x000002067b743ac0 JavaThread "Direct Clip" daemon [_thread_blocked, id=20104, stack(0x000000d72a900000,0x000000d72aa00000)]
  0x000002067b7405d0 JavaThread "Direct Clip" daemon [_thread_blocked, id=15828, stack(0x000000d72aa00000,0x000000d72ab00000)]
  0x000002067b742c50 JavaThread "Direct Clip" daemon [_thread_blocked, id=6132, stack(0x000000d72ab00000,0x000000d72ac00000)]
  0x000002067b743120 JavaThread "Direct Clip" daemon [_thread_blocked, id=21424, stack(0x000000d72ac00000,0x000000d72ad00000)]
  0x000002067b744460 JavaThread "Direct Clip" daemon [_thread_blocked, id=12120, stack(0x000000d72ad00000,0x000000d72ae00000)]
  0x000002067b744930 JavaThread "Direct Clip" daemon [_thread_blocked, id=4604, stack(0x000000d72ae00000,0x000000d72af00000)]
  0x000002067514fca0 JavaThread "Direct Clip" daemon [_thread_blocked, id=21348, stack(0x000000d72af00000,0x000000d72b000000)]
  0x0000020675152320 JavaThread "Direct Clip" daemon [_thread_blocked, id=904, stack(0x000000d72b000000,0x000000d72b100000)]
  0x0000020675150170 JavaThread "Direct Clip" daemon [_thread_blocked, id=7644, stack(0x000000d72b100000,0x000000d72b200000)]
  0x0000020675150b10 JavaThread "Direct Clip" daemon [_thread_blocked, id=6968, stack(0x000000d72b200000,0x000000d72b300000)]
  0x0000020675150640 JavaThread "Direct Clip" daemon [_thread_blocked, id=12304, stack(0x000000d72b300000,0x000000d72b400000)]
  0x0000020675150fe0 JavaThread "Direct Clip" daemon [_thread_blocked, id=32, stack(0x000000d72b400000,0x000000d72b500000)]
  0x00000206751514b0 JavaThread "Direct Clip" daemon [_thread_blocked, id=20920, stack(0x000000d72b500000,0x000000d72b600000)]
  0x0000020675151980 JavaThread "Direct Clip" daemon [_thread_blocked, id=4224, stack(0x000000d72b600000,0x000000d72b700000)]
  0x0000020675152cc0 JavaThread "Direct Clip" daemon [_thread_blocked, id=3656, stack(0x000000d72b700000,0x000000d72b800000)]
  0x0000020675151e50 JavaThread "Direct Clip" daemon [_thread_blocked, id=8412, stack(0x000000d72b800000,0x000000d72b900000)]
  0x00000206751527f0 JavaThread "Direct Clip" daemon [_thread_blocked, id=10480, stack(0x000000d72b900000,0x000000d72ba00000)]
  0x000002067514f300 JavaThread "Direct Clip" daemon [_thread_blocked, id=15284, stack(0x000000d72ba00000,0x000000d72bb00000)]
  0x000002067514f7d0 JavaThread "Direct Clip" daemon [_thread_blocked, id=12760, stack(0x000000d72bb00000,0x000000d72bc00000)]
  0x00000206751606e0 JavaThread "Direct Clip" daemon [_thread_blocked, id=16028, stack(0x000000d72bc00000,0x000000d72bd00000)]
  0x0000020675166250 JavaThread "Direct Clip" daemon [_thread_blocked, id=16532, stack(0x000000d72bd00000,0x000000d72be00000)]
  0x0000020675164570 JavaThread "Direct Clip" daemon [_thread_blocked, id=19888, stack(0x000000d72be00000,0x000000d72bf00000)]
  0x00000206751653e0 JavaThread "Direct Clip" daemon [_thread_blocked, id=14500, stack(0x000000d72bf00000,0x000000d72c000000)]
  0x0000020675162890 JavaThread "Direct Clip" daemon [_thread_blocked, id=880, stack(0x000000d72c000000,0x000000d72c100000)]
  0x0000020675162d60 JavaThread "Direct Clip" daemon [_thread_blocked, id=20496, stack(0x000000d72c100000,0x000000d72c200000)]
  0x0000020675163230 JavaThread "Direct Clip" daemon [_thread_blocked, id=17116, stack(0x000000d72c200000,0x000000d72c300000)]
  0x00000206751658b0 JavaThread "Direct Clip" daemon [_thread_blocked, id=9052, stack(0x000000d72c300000,0x000000d72c400000)]
  0x0000020675165d80 JavaThread "Direct Clip" daemon [_thread_blocked, id=16056, stack(0x000000d72c400000,0x000000d72c500000)]
  0x0000020675163bd0 JavaThread "Direct Clip" daemon [_thread_blocked, id=19672, stack(0x000000d72c500000,0x000000d72c600000)]
  0x000002067515f3a0 JavaThread "Direct Clip" daemon [_thread_blocked, id=13292, stack(0x000000d72c600000,0x000000d72c700000)]
  0x0000020675160bb0 JavaThread "Direct Clip" daemon [_thread_blocked, id=15668, stack(0x000000d72c700000,0x000000d72c800000)]
  0x000002067515fd40 JavaThread "Direct Clip" daemon [_thread_blocked, id=4632, stack(0x000000d72c800000,0x000000d72c900000)]
  0x0000020675163700 JavaThread "Direct Clip" daemon [_thread_blocked, id=12132, stack(0x000000d72c900000,0x000000d72ca00000)]
  0x0000020675166720 JavaThread "Direct Clip" daemon [_thread_blocked, id=11036, stack(0x000000d72ca00000,0x000000d72cb00000)]
  0x0000020675164a40 JavaThread "Direct Clip" daemon [_thread_blocked, id=11616, stack(0x000000d72cb00000,0x000000d72cc00000)]
  0x00000206751640a0 JavaThread "Direct Clip" daemon [_thread_blocked, id=16732, stack(0x000000d72cc00000,0x000000d72cd00000)]
  0x0000020675161080 JavaThread "Direct Clip" daemon [_thread_blocked, id=19800, stack(0x000000d72cd00000,0x000000d72ce00000)]
  0x0000020675164f10 JavaThread "Direct Clip" daemon [_thread_blocked, id=19396, stack(0x000000d72ce00000,0x000000d72cf00000)]
  0x0000020675166bf0 JavaThread "Direct Clip" daemon [_thread_blocked, id=17124, stack(0x000000d72cf00000,0x000000d72d000000)]
  0x000002067515f870 JavaThread "Direct Clip" daemon [_thread_blocked, id=14736, stack(0x000000d72d000000,0x000000d72d100000)]
  0x0000020675160210 JavaThread "Direct Clip" daemon [_thread_blocked, id=15172, stack(0x000000d72d100000,0x000000d72d200000)]
  0x0000020675161550 JavaThread "Direct Clip" daemon [_thread_blocked, id=21140, stack(0x000000d72d200000,0x000000d72d300000)]
  0x0000020675161a20 JavaThread "Direct Clip" daemon [_thread_blocked, id=18820, stack(0x000000d72d300000,0x000000d72d400000)]
  0x0000020675161ef0 JavaThread "Direct Clip" daemon [_thread_blocked, id=18792, stack(0x000000d72d400000,0x000000d72d500000)]
  0x00000206751623c0 JavaThread "Direct Clip" daemon [_thread_blocked, id=20308, stack(0x000000d72d500000,0x000000d72d600000)]
  0x000002067b818710 JavaThread "Direct Clip" daemon [_thread_blocked, id=19168, stack(0x000000d72d600000,0x000000d72d700000)]
  0x000002067b813a10 JavaThread "Direct Clip" daemon [_thread_blocked, id=1604, stack(0x000000d72d700000,0x000000d72d800000)]
  0x000002067b814d50 JavaThread "Direct Clip" daemon [_thread_blocked, id=14352, stack(0x000000d72d800000,0x000000d72d900000)]
  0x000002067b8190b0 JavaThread "Direct Clip" daemon [_thread_blocked, id=14108, stack(0x000000d72d900000,0x000000d72da00000)]
  0x000002067b814880 JavaThread "Direct Clip" daemon [_thread_in_vm, id=3868, stack(0x000000d724100000,0x000000d724200000)]
  0x000002067b8173d0 JavaThread "Direct Clip" daemon [_thread_blocked, id=13068, stack(0x000000d72da00000,0x000000d72db00000)]

Other Threads:
  0x0000020673c1d3f0 VMThread "VM Thread" [stack: 0x000000d724800000,0x000000d724900000] [id=19464]
  0x0000020674a25830 WatcherThread [stack: 0x000000d725400000,0x000000d725500000] [id=12800]
  0x0000020652b96c60 GCTaskThread "GC Thread#0" [stack: 0x000000d724300000,0x000000d724400000] [id=19080]
  0x000002067b102780 GCTaskThread "GC Thread#1" [stack: 0x000000d725700000,0x000000d725800000] [id=9608]
  0x000002067b095600 GCTaskThread "GC Thread#2" [stack: 0x000000d726700000,0x000000d726800000] [id=18092]
  0x000002067b0958b0 GCTaskThread "GC Thread#3" [stack: 0x000000d726800000,0x000000d726900000] [id=19580]
  0x000002067b095b60 GCTaskThread "GC Thread#4" [stack: 0x000000d726900000,0x000000d726a00000] [id=564]
  0x000002067b096ea0 GCTaskThread "GC Thread#5" [stack: 0x000000d726a00000,0x000000d726b00000] [id=19920]
  0x000002067b097150 GCTaskThread "GC Thread#6" [stack: 0x000000d726b00000,0x000000d726c00000] [id=3740]
  0x000002067b9944b0 GCTaskThread "GC Thread#7" [stack: 0x000000d727800000,0x000000d727900000] [id=12676]
  0x000002067b992f30 GCTaskThread "GC Thread#8" [stack: 0x000000d727900000,0x000000d727a00000] [id=12712]
  0x000002067b994760 GCTaskThread "GC Thread#9" [stack: 0x000000d727f00000,0x000000d728000000] [id=11704]
  0x000002067b993ca0 GCTaskThread "GC Thread#10" [stack: 0x000000d727c00000,0x000000d727d00000] [id=5648]
  0x0000020652ba88d0 ConcurrentGCThread "G1 Main Marker" [stack: 0x000000d724400000,0x000000d724500000] [id=5328]
  0x0000020652ba92e0 ConcurrentGCThread "G1 Conc#0" [stack: 0x000000d724500000,0x000000d724600000] [id=10832]
  0x000002067b993740 ConcurrentGCThread "G1 Conc#1" [stack: 0x000000d723f00000,0x000000d724000000] [id=19060]
  0x000002067b9939f0 ConcurrentGCThread "G1 Conc#2" [stack: 0x000000d724000000,0x000000d724100000] [id=20928]
  0x0000020652c0eaa0 ConcurrentGCThread "G1 Refine#0" [stack: 0x000000d724600000,0x000000d724700000] [id=3324]
  0x0000020673abc510 ConcurrentGCThread "G1 Service" [stack: 0x000000d724700000,0x000000d724800000] [id=3580]

Threads with active compile tasks:

VM state: not at safepoint (normal execution)

VM Mutex/Monitor currently owned by a thread: None

Heap address: 0x000000070a800000, size: 3928 MB, Compressed Oops mode: Zero based, Oop shift amount: 3

CDS archive(s) not mapped
Compressed class space mapped at: 0x0000000800000000-0x0000000840000000, reserved size: 1073741824
Narrow klass base: 0x0000000800000000, Narrow klass shift: 0, Narrow klass range: 0x40000000

GC Precious Log:
 CPUs: 16 total, 16 available
 Memory: 15706M
 Large Page Support: Disabled
 NUMA Support: Disabled
 Compressed Oops: Enabled (Zero based)
 Heap Region Size: 2M
 Heap Min Capacity: 8M
 Heap Initial Capacity: 246M
 Heap Max Capacity: 3928M
 Pre-touch: Disabled
 Parallel Workers: 13
 Concurrent Workers: 3
 Concurrent Refinement Workers: 13
 Periodic GC: Disabled

Heap:
 garbage-first heap   total 331776K, used 202509K [0x000000070a800000, 0x0000000800000000)
  region size 2048K, 11 young (22528K), 1 survivors (2048K)
 Metaspace       used 16670K, committed 16832K, reserved 1064960K
  class space    used 1556K, committed 1664K, reserved 1048576K

Heap Regions: E=young(eden), S=young(survivor), O=old, HS=humongous(starts), HC=humongous(continues), CS=collection set, F=free, OA=open archive, CA=closed archive, TAMS=top-at-mark-start (previous, next)
|   0|0x000000070a800000, 0x000000070aa00000, 0x000000070aa00000|100%|HS|  |TAMS 0x000000070aa00000, 0x000000070a800000| Complete 
|   1|0x000000070aa00000, 0x000000070ac00000, 0x000000070ac00000|100%| O|  |TAMS 0x000000070ac00000, 0x000000070aa00000| Untracked 
|   2|0x000000070ac00000, 0x000000070ae00000, 0x000000070ae00000|100%| O|  |TAMS 0x000000070ae00000, 0x000000070ac00000| Untracked 
|   3|0x000000070ae00000, 0x000000070b000000, 0x000000070b000000|100%| O|  |TAMS 0x000000070b000000, 0x000000070ae00000| Untracked 
|   4|0x000000070b000000, 0x000000070b200000, 0x000000070b200000|100%| O|  |TAMS 0x000000070b200000, 0x000000070b000000| Untracked 
|   5|0x000000070b200000, 0x000000070b400000, 0x000000070b400000|100%| O|  |TAMS 0x000000070b400000, 0x000000070b200000| Untracked 
|   6|0x000000070b400000, 0x000000070b600000, 0x000000070b600000|100%| O|  |TAMS 0x000000070b600000, 0x000000070b400000| Untracked 
|   7|0x000000070b600000, 0x000000070b800000, 0x000000070b800000|100%| O|  |TAMS 0x000000070b800000, 0x000000070b600000| Untracked 
|   8|0x000000070b800000, 0x000000070ba00000, 0x000000070ba00000|100%| O|  |TAMS 0x000000070ba00000, 0x000000070b800000| Untracked 
|   9|0x000000070ba00000, 0x000000070bc00000, 0x000000070bc00000|100%|HS|  |TAMS 0x000000070bc00000, 0x000000070ba00000| Complete 
|  10|0x000000070bc00000, 0x000000070be00000, 0x000000070be00000|100%|HC|  |TAMS 0x000000070be00000, 0x000000070bc00000| Complete 
|  11|0x000000070be00000, 0x000000070c000000, 0x000000070c000000|100%|HC|  |TAMS 0x000000070c000000, 0x000000070be00000| Complete 
|  12|0x000000070c000000, 0x000000070c200000, 0x000000070c200000|100%|HC|  |TAMS 0x000000070c200000, 0x000000070c000000| Complete 
|  13|0x000000070c200000, 0x000000070c400000, 0x000000070c400000|100%|HC|  |TAMS 0x000000070c400000, 0x000000070c200000| Complete 
|  14|0x000000070c400000, 0x000000070c600000, 0x000000070c600000|100%|HC|  |TAMS 0x000000070c600000, 0x000000070c400000| Complete 
|  15|0x000000070c600000, 0x000000070c800000, 0x000000070c800000|100%|HC|  |TAMS 0x000000070c800000, 0x000000070c600000| Complete 
|  16|0x000000070c800000, 0x000000070ca00000, 0x000000070ca00000|100%|HC|  |TAMS 0x000000070ca00000, 0x000000070c800000| Complete 
|  17|0x000000070ca00000, 0x000000070cc00000, 0x000000070cc00000|100%|HC|  |TAMS 0x000000070cc00000, 0x000000070ca00000| Complete 
|  18|0x000000070cc00000, 0x000000070ce00000, 0x000000070ce00000|100%| O|  |TAMS 0x000000070ce00000, 0x000000070cc00000| Untracked 
|  19|0x000000070ce00000, 0x000000070d000000, 0x000000070d000000|100%|HS|  |TAMS 0x000000070d000000, 0x000000070ce00000| Complete 
|  20|0x000000070d000000, 0x000000070d200000, 0x000000070d200000|100%|HC|  |TAMS 0x000000070d200000, 0x000000070d000000| Complete 
|  21|0x000000070d200000, 0x000000070d400000, 0x000000070d400000|100%|HC|  |TAMS 0x000000070d400000, 0x000000070d200000| Complete 
|  22|0x000000070d400000, 0x000000070d600000, 0x000000070d600000|100%|HC|  |TAMS 0x000000070d600000, 0x000000070d400000| Complete 
|  23|0x000000070d600000, 0x000000070d800000, 0x000000070d800000|100%|HC|  |TAMS 0x000000070d800000, 0x000000070d600000| Complete 
|  24|0x000000070d800000, 0x000000070da00000, 0x000000070da00000|100%|HC|  |TAMS 0x000000070da00000, 0x000000070d800000| Complete 
|  25|0x000000070da00000, 0x000000070dc00000, 0x000000070dc00000|100%|HC|  |TAMS 0x000000070dc00000, 0x000000070da00000| Complete 
|  26|0x000000070dc00000, 0x000000070de00000, 0x000000070de00000|100%|HC|  |TAMS 0x000000070de00000, 0x000000070dc00000| Complete 
|  27|0x000000070de00000, 0x000000070e000000, 0x000000070e000000|100%|HC|  |TAMS 0x000000070e000000, 0x000000070de00000| Complete 
|  28|0x000000070e000000, 0x000000070e200000, 0x000000070e200000|100%|HS|  |TAMS 0x000000070e200000, 0x000000070e000000| Complete 
|  29|0x000000070e200000, 0x000000070e400000, 0x000000070e400000|100%|HS|  |TAMS 0x000000070e400000, 0x000000070e200000| Complete 
|  30|0x000000070e400000, 0x000000070e600000, 0x000000070e600000|100%|HC|  |TAMS 0x000000070e600000, 0x000000070e400000| Complete 
|  31|0x000000070e600000, 0x000000070e800000, 0x000000070e800000|100%|HC|  |TAMS 0x000000070e800000, 0x000000070e600000| Complete 
|  32|0x000000070e800000, 0x000000070ea00000, 0x000000070ea00000|100%|HC|  |TAMS 0x000000070ea00000, 0x000000070e800000| Complete 
|  33|0x000000070ea00000, 0x000000070ec00000, 0x000000070ec00000|100%|HC|  |TAMS 0x000000070ec00000, 0x000000070ea00000| Complete 
|  34|0x000000070ec00000, 0x000000070ee00000, 0x000000070ee00000|100%|HC|  |TAMS 0x000000070ee00000, 0x000000070ec00000| Complete 
|  35|0x000000070ee00000, 0x000000070f000000, 0x000000070f000000|100%|HC|  |TAMS 0x000000070f000000, 0x000000070ee00000| Complete 
|  36|0x000000070f000000, 0x000000070f200000, 0x000000070f200000|100%|HC|  |TAMS 0x000000070f200000, 0x000000070f000000| Complete 
|  37|0x000000070f200000, 0x000000070f400000, 0x000000070f400000|100%|HC|  |TAMS 0x000000070f400000, 0x000000070f200000| Complete 
|  38|0x000000070f400000, 0x000000070f600000, 0x000000070f600000|100%|HS|  |TAMS 0x000000070f600000, 0x000000070f400000| Complete 
|  39|0x000000070f600000, 0x000000070f800000, 0x000000070f800000|100%| O|  |TAMS 0x000000070f800000, 0x000000070f600000| Untracked 
|  40|0x000000070f800000, 0x000000070fa00000, 0x000000070fa00000|100%| O|  |TAMS 0x000000070fa00000, 0x000000070f800000| Untracked 
|  41|0x000000070fa00000, 0x000000070fc00000, 0x000000070fc00000|100%| O|  |TAMS 0x000000070fc00000, 0x000000070fa00000| Untracked 
|  42|0x000000070fc00000, 0x000000070fde7600, 0x000000070fe00000| 95%| O|  |TAMS 0x000000070fde7600, 0x000000070fc00000| Untracked 
|  43|0x000000070fe00000, 0x0000000710000000, 0x0000000710000000|100%|HS|  |TAMS 0x000000070fe00000, 0x000000070fe00000| Complete 
|  44|0x0000000710000000, 0x0000000710000000, 0x0000000710200000|  0%| F|  |TAMS 0x0000000710000000, 0x0000000710000000| Untracked 
|  45|0x0000000710200000, 0x0000000710400000, 0x0000000710400000|100%| O|  |TAMS 0x0000000710400000, 0x0000000710200000| Untracked 
|  46|0x0000000710400000, 0x0000000710600000, 0x0000000710600000|100%|HS|  |TAMS 0x0000000710600000, 0x0000000710400000| Complete 
|  47|0x0000000710600000, 0x0000000710800000, 0x0000000710800000|100%|HC|  |TAMS 0x0000000710800000, 0x0000000710600000| Complete 
|  48|0x0000000710800000, 0x0000000710a00000, 0x0000000710a00000|100%|HC|  |TAMS 0x0000000710a00000, 0x0000000710800000| Complete 
|  49|0x0000000710a00000, 0x0000000710c00000, 0x0000000710c00000|100%|HC|  |TAMS 0x0000000710c00000, 0x0000000710a00000| Complete 
|  50|0x0000000710c00000, 0x0000000710e00000, 0x0000000710e00000|100%|HC|  |TAMS 0x0000000710e00000, 0x0000000710c00000| Complete 
|  51|0x0000000710e00000, 0x0000000711000000, 0x0000000711000000|100%|HC|  |TAMS 0x0000000711000000, 0x0000000710e00000| Complete 
|  52|0x0000000711000000, 0x0000000711200000, 0x0000000711200000|100%|HC|  |TAMS 0x0000000711200000, 0x0000000711000000| Complete 
|  53|0x0000000711200000, 0x0000000711400000, 0x0000000711400000|100%|HC|  |TAMS 0x0000000711400000, 0x0000000711200000| Complete 
|  54|0x0000000711400000, 0x0000000711600000, 0x0000000711600000|100%|HC|  |TAMS 0x0000000711600000, 0x0000000711400000| Complete 
|  55|0x0000000711600000, 0x0000000711800000, 0x0000000711800000|100%| O|  |TAMS 0x0000000711800000, 0x0000000711600000| Untracked 
|  56|0x0000000711800000, 0x0000000711a00000, 0x0000000711a00000|100%| O|  |TAMS 0x0000000711a00000, 0x0000000711800000| Untracked 
|  57|0x0000000711a00000, 0x0000000711c00000, 0x0000000711c00000|100%| O|  |TAMS 0x0000000711c00000, 0x0000000711a00000| Untracked 
|  58|0x0000000711c00000, 0x0000000711e00000, 0x0000000711e00000|100%| O|  |TAMS 0x0000000711e00000, 0x0000000711c00000| Untracked 
|  59|0x0000000711e00000, 0x0000000711e00000, 0x0000000712000000|  0%| F|  |TAMS 0x0000000711e00000, 0x0000000711e00000| Untracked 
|  60|0x0000000712000000, 0x0000000712000000, 0x0000000712200000|  0%| F|  |TAMS 0x0000000712000000, 0x0000000712000000| Untracked 
|  61|0x0000000712200000, 0x0000000712200000, 0x0000000712400000|  0%| F|  |TAMS 0x0000000712200000, 0x0000000712200000| Untracked 
|  62|0x0000000712400000, 0x0000000712400000, 0x0000000712600000|  0%| F|  |TAMS 0x0000000712400000, 0x0000000712400000| Untracked 
|  63|0x0000000712600000, 0x0000000712800000, 0x0000000712800000|100%| O|  |TAMS 0x0000000712800000, 0x0000000712600000| Untracked 
|  64|0x0000000712800000, 0x0000000712a00000, 0x0000000712a00000|100%| O|  |TAMS 0x0000000712a00000, 0x0000000712800000| Untracked 
|  65|0x0000000712a00000, 0x0000000712c00000, 0x0000000712c00000|100%| O|  |TAMS 0x0000000712c00000, 0x0000000712a00000| Complete 
|  66|0x0000000712c00000, 0x0000000712c00000, 0x0000000712e00000|  0%| F|  |TAMS 0x0000000712c00000, 0x0000000712c00000| Untracked 
|  67|0x0000000712e00000, 0x0000000712e00000, 0x0000000713000000|  0%| F|  |TAMS 0x0000000712e00000, 0x0000000712e00000| Untracked 
|  68|0x0000000713000000, 0x0000000713200000, 0x0000000713200000|100%| O|  |TAMS 0x0000000713200000, 0x0000000713000000| Untracked 
|  69|0x0000000713200000, 0x0000000713200000, 0x0000000713400000|  0%| F|  |TAMS 0x0000000713200000, 0x0000000713200000| Untracked 
|  70|0x0000000713400000, 0x0000000713400000, 0x0000000713600000|  0%| F|  |TAMS 0x0000000713400000, 0x0000000713400000| Untracked 
|  71|0x0000000713600000, 0x0000000713600000, 0x0000000713800000|  0%| F|  |TAMS 0x0000000713600000, 0x0000000713600000| Untracked 
|  72|0x0000000713800000, 0x0000000713800000, 0x0000000713a00000|  0%| F|  |TAMS 0x0000000713800000, 0x0000000713800000| Untracked 
|  73|0x0000000713a00000, 0x0000000713a00000, 0x0000000713c00000|  0%| F|  |TAMS 0x0000000713a00000, 0x0000000713a00000| Untracked 
|  74|0x0000000713c00000, 0x0000000713c00000, 0x0000000713e00000|  0%| F|  |TAMS 0x0000000713c00000, 0x0000000713c00000| Untracked 
|  75|0x0000000713e00000, 0x0000000714000000, 0x0000000714000000|100%|HS|  |TAMS 0x0000000714000000, 0x0000000713e00000| Complete 
|  76|0x0000000714000000, 0x0000000714200000, 0x0000000714200000|100%|HC|  |TAMS 0x0000000714200000, 0x0000000714000000| Complete 
|  77|0x0000000714200000, 0x0000000714400000, 0x0000000714400000|100%|HC|  |TAMS 0x0000000714400000, 0x0000000714200000| Complete 
|  78|0x0000000714400000, 0x0000000714600000, 0x0000000714600000|100%|HC|  |TAMS 0x0000000714600000, 0x0000000714400000| Complete 
|  79|0x0000000714600000, 0x0000000714800000, 0x0000000714800000|100%|HC|  |TAMS 0x0000000714800000, 0x0000000714600000| Complete 
|  80|0x0000000714800000, 0x0000000714a00000, 0x0000000714a00000|100%|HC|  |TAMS 0x0000000714a00000, 0x0000000714800000| Complete 
|  81|0x0000000714a00000, 0x0000000714c00000, 0x0000000714c00000|100%|HC|  |TAMS 0x0000000714c00000, 0x0000000714a00000| Complete 
|  82|0x0000000714c00000, 0x0000000714e00000, 0x0000000714e00000|100%|HC|  |TAMS 0x0000000714e00000, 0x0000000714c00000| Complete 
|  83|0x0000000714e00000, 0x0000000715000000, 0x0000000715000000|100%|HC|  |TAMS 0x0000000715000000, 0x0000000714e00000| Complete 
|  84|0x0000000715000000, 0x0000000715200000, 0x0000000715200000|100%|HS|  |TAMS 0x0000000715200000, 0x0000000715000000| Complete 
|  85|0x0000000715200000, 0x0000000715400000, 0x0000000715400000|100%|HC|  |TAMS 0x0000000715400000, 0x0000000715200000| Complete 
|  86|0x0000000715400000, 0x0000000715600000, 0x0000000715600000|100%|HC|  |TAMS 0x0000000715600000, 0x0000000715400000| Complete 
|  87|0x0000000715600000, 0x0000000715800000, 0x0000000715800000|100%|HC|  |TAMS 0x0000000715800000, 0x0000000715600000| Complete 
|  88|0x0000000715800000, 0x0000000715a00000, 0x0000000715a00000|100%|HC|  |TAMS 0x0000000715a00000, 0x0000000715800000| Complete 
|  89|0x0000000715a00000, 0x0000000715c00000, 0x0000000715c00000|100%|HC|  |TAMS 0x0000000715c00000, 0x0000000715a00000| Complete 
|  90|0x0000000715c00000, 0x0000000715e00000, 0x0000000715e00000|100%|HC|  |TAMS 0x0000000715e00000, 0x0000000715c00000| Complete 
|  91|0x0000000715e00000, 0x0000000716000000, 0x0000000716000000|100%|HC|  |TAMS 0x0000000716000000, 0x0000000715e00000| Complete 
|  92|0x0000000716000000, 0x0000000716200000, 0x0000000716200000|100%|HC|  |TAMS 0x0000000716200000, 0x0000000716000000| Complete 
|  93|0x0000000716200000, 0x0000000716400000, 0x0000000716400000|100%|HS|  |TAMS 0x0000000716200000, 0x0000000716200000| Complete 
|  94|0x0000000716400000, 0x0000000716600000, 0x0000000716600000|100%|HC|  |TAMS 0x0000000716400000, 0x0000000716400000| Complete 
|  95|0x0000000716600000, 0x0000000716800000, 0x0000000716800000|100%|HC|  |TAMS 0x0000000716600000, 0x0000000716600000| Complete 
|  96|0x0000000716800000, 0x0000000716a00000, 0x0000000716a00000|100%|HC|  |TAMS 0x0000000716800000, 0x0000000716800000| Complete 
|  97|0x0000000716a00000, 0x0000000716c00000, 0x0000000716c00000|100%|HC|  |TAMS 0x0000000716a00000, 0x0000000716a00000| Complete 
|  98|0x0000000716c00000, 0x0000000716e00000, 0x0000000716e00000|100%|HC|  |TAMS 0x0000000716c00000, 0x0000000716c00000| Complete 
|  99|0x0000000716e00000, 0x0000000717000000, 0x0000000717000000|100%|HC|  |TAMS 0x0000000716e00000, 0x0000000716e00000| Complete 
| 100|0x0000000717000000, 0x0000000717200000, 0x0000000717200000|100%|HC|  |TAMS 0x0000000717000000, 0x0000000717000000| Complete 
| 101|0x0000000717200000, 0x0000000717400000, 0x0000000717400000|100%|HC|  |TAMS 0x0000000717200000, 0x0000000717200000| Complete 
| 102|0x0000000717400000, 0x0000000717400000, 0x0000000717600000|  0%| F|  |TAMS 0x0000000717400000, 0x0000000717400000| Untracked 
| 103|0x0000000717600000, 0x0000000717600000, 0x0000000717800000|  0%| F|  |TAMS 0x0000000717600000, 0x0000000717600000| Untracked 
| 104|0x0000000717800000, 0x0000000717800000, 0x0000000717a00000|  0%| F|  |TAMS 0x0000000717800000, 0x0000000717800000| Untracked 
| 105|0x0000000717a00000, 0x0000000717a00000, 0x0000000717c00000|  0%| F|  |TAMS 0x0000000717a00000, 0x0000000717a00000| Untracked 
| 106|0x0000000717c00000, 0x0000000717c00000, 0x0000000717e00000|  0%| F|  |TAMS 0x0000000717c00000, 0x0000000717c00000| Untracked 
| 107|0x0000000717e00000, 0x0000000717e00000, 0x0000000718000000|  0%| F|  |TAMS 0x0000000717e00000, 0x0000000717e00000| Untracked 
| 108|0x0000000718000000, 0x0000000718000000, 0x0000000718200000|  0%| F|  |TAMS 0x0000000718000000, 0x0000000718000000| Untracked 
| 109|0x0000000718200000, 0x0000000718200000, 0x0000000718400000|  0%| F|  |TAMS 0x0000000718200000, 0x0000000718200000| Untracked 
| 110|0x0000000718400000, 0x0000000718400000, 0x0000000718600000|  0%| F|  |TAMS 0x0000000718400000, 0x0000000718400000| Untracked 
| 111|0x0000000718600000, 0x0000000718600000, 0x0000000718800000|  0%| F|  |TAMS 0x0000000718600000, 0x0000000718600000| Untracked 
| 112|0x0000000718800000, 0x0000000718800000, 0x0000000718a00000|  0%| F|  |TAMS 0x0000000718800000, 0x0000000718800000| Untracked 
| 113|0x0000000718a00000, 0x0000000718a00000, 0x0000000718c00000|  0%| F|  |TAMS 0x0000000718a00000, 0x0000000718a00000| Untracked 
| 114|0x0000000718c00000, 0x0000000718c00000, 0x0000000718e00000|  0%| F|  |TAMS 0x0000000718c00000, 0x0000000718c00000| Untracked 
| 115|0x0000000718e00000, 0x0000000718fdc1e0, 0x0000000719000000| 92%| S|CS|TAMS 0x0000000718e00000, 0x0000000718e00000| Complete 
| 116|0x0000000719000000, 0x0000000719000000, 0x0000000719200000|  0%| F|  |TAMS 0x0000000719000000, 0x0000000719000000| Untracked 
| 117|0x0000000719200000, 0x0000000719200000, 0x0000000719400000|  0%| F|  |TAMS 0x0000000719200000, 0x0000000719200000| Untracked 
| 118|0x0000000719400000, 0x0000000719400000, 0x0000000719600000|  0%| F|  |TAMS 0x0000000719400000, 0x0000000719400000| Untracked 
| 119|0x0000000719600000, 0x0000000719600000, 0x0000000719800000|  0%| F|  |TAMS 0x0000000719600000, 0x0000000719600000| Untracked 
| 120|0x0000000719800000, 0x0000000719800000, 0x0000000719a00000|  0%| F|  |TAMS 0x0000000719800000, 0x0000000719800000| Untracked 
| 121|0x0000000719a00000, 0x0000000719a00000, 0x0000000719c00000|  0%| F|  |TAMS 0x0000000719a00000, 0x0000000719a00000| Untracked 
| 122|0x0000000719c00000, 0x0000000719c00000, 0x0000000719e00000|  0%| F|  |TAMS 0x0000000719c00000, 0x0000000719c00000| Untracked 
| 123|0x0000000719e00000, 0x0000000719e00000, 0x000000071a000000|  0%| F|  |TAMS 0x0000000719e00000, 0x0000000719e00000| Untracked 
| 124|0x000000071a000000, 0x000000071a000000, 0x000000071a200000|  0%| F|  |TAMS 0x000000071a000000, 0x000000071a000000| Untracked 
| 125|0x000000071a200000, 0x000000071a200000, 0x000000071a400000|  0%| F|  |TAMS 0x000000071a200000, 0x000000071a200000| Untracked 
| 126|0x000000071a400000, 0x000000071a400000, 0x000000071a600000|  0%| F|  |TAMS 0x000000071a400000, 0x000000071a400000| Untracked 
| 127|0x000000071a600000, 0x000000071a600000, 0x000000071a800000|  0%| F|  |TAMS 0x000000071a600000, 0x000000071a600000| Untracked 
| 128|0x000000071a800000, 0x000000071a800000, 0x000000071aa00000|  0%| F|  |TAMS 0x000000071a800000, 0x000000071a800000| Untracked 
| 129|0x000000071aa00000, 0x000000071aa00000, 0x000000071ac00000|  0%| F|  |TAMS 0x000000071aa00000, 0x000000071aa00000| Untracked 
| 130|0x000000071ac00000, 0x000000071ac00000, 0x000000071ae00000|  0%| F|  |TAMS 0x000000071ac00000, 0x000000071ac00000| Untracked 
| 131|0x000000071ae00000, 0x000000071ae00000, 0x000000071b000000|  0%| F|  |TAMS 0x000000071ae00000, 0x000000071ae00000| Untracked 
| 132|0x000000071b000000, 0x000000071b000000, 0x000000071b200000|  0%| F|  |TAMS 0x000000071b000000, 0x000000071b000000| Untracked 
| 133|0x000000071b200000, 0x000000071b200000, 0x000000071b400000|  0%| F|  |TAMS 0x000000071b200000, 0x000000071b200000| Untracked 
| 134|0x000000071b400000, 0x000000071b400000, 0x000000071b600000|  0%| F|  |TAMS 0x000000071b400000, 0x000000071b400000| Untracked 
| 135|0x000000071b600000, 0x000000071b600000, 0x000000071b800000|  0%| F|  |TAMS 0x000000071b600000, 0x000000071b600000| Untracked 
| 136|0x000000071b800000, 0x000000071b800000, 0x000000071ba00000|  0%| F|  |TAMS 0x000000071b800000, 0x000000071b800000| Untracked 
| 137|0x000000071ba00000, 0x000000071ba00000, 0x000000071bc00000|  0%| F|  |TAMS 0x000000071ba00000, 0x000000071ba00000| Untracked 
| 138|0x000000071bc00000, 0x000000071bc00000, 0x000000071be00000|  0%| F|  |TAMS 0x000000071bc00000, 0x000000071bc00000| Untracked 
| 139|0x000000071be00000, 0x000000071be00000, 0x000000071c000000|  0%| F|  |TAMS 0x000000071be00000, 0x000000071be00000| Untracked 
| 140|0x000000071c000000, 0x000000071c000000, 0x000000071c200000|  0%| F|  |TAMS 0x000000071c000000, 0x000000071c000000| Untracked 
| 141|0x000000071c200000, 0x000000071c200000, 0x000000071c400000|  0%| F|  |TAMS 0x000000071c200000, 0x000000071c200000| Untracked 
| 142|0x000000071c400000, 0x000000071c400000, 0x000000071c600000|  0%| F|  |TAMS 0x000000071c400000, 0x000000071c400000| Untracked 
| 143|0x000000071c600000, 0x000000071c600000, 0x000000071c800000|  0%| F|  |TAMS 0x000000071c600000, 0x000000071c600000| Untracked 
| 144|0x000000071c800000, 0x000000071c800000, 0x000000071ca00000|  0%| F|  |TAMS 0x000000071c800000, 0x000000071c800000| Untracked 
| 145|0x000000071ca00000, 0x000000071ca00000, 0x000000071cc00000|  0%| F|  |TAMS 0x000000071ca00000, 0x000000071ca00000| Untracked 
| 146|0x000000071cc00000, 0x000000071cc00000, 0x000000071ce00000|  0%| F|  |TAMS 0x000000071cc00000, 0x000000071cc00000| Untracked 
| 147|0x000000071ce00000, 0x000000071ce00000, 0x000000071d000000|  0%| F|  |TAMS 0x000000071ce00000, 0x000000071ce00000| Untracked 
| 148|0x000000071d000000, 0x000000071d000000, 0x000000071d200000|  0%| F|  |TAMS 0x000000071d000000, 0x000000071d000000| Untracked 
| 149|0x000000071d200000, 0x000000071d200000, 0x000000071d400000|  0%| F|  |TAMS 0x000000071d200000, 0x000000071d200000| Untracked 
| 150|0x000000071d400000, 0x000000071d400000, 0x000000071d600000|  0%| F|  |TAMS 0x000000071d400000, 0x000000071d400000| Untracked 
| 151|0x000000071d600000, 0x000000071d600000, 0x000000071d800000|  0%| F|  |TAMS 0x000000071d600000, 0x000000071d600000| Untracked 
| 152|0x000000071d800000, 0x000000071d9ff4f0, 0x000000071da00000| 99%| E|  |TAMS 0x000000071d800000, 0x000000071d800000| Complete 
| 153|0x000000071da00000, 0x000000071dc00000, 0x000000071dc00000|100%| E|CS|TAMS 0x000000071da00000, 0x000000071da00000| Complete 
| 154|0x000000071dc00000, 0x000000071de00000, 0x000000071de00000|100%| E|CS|TAMS 0x000000071dc00000, 0x000000071dc00000| Complete 
| 155|0x000000071de00000, 0x000000071e000000, 0x000000071e000000|100%| E|CS|TAMS 0x000000071de00000, 0x000000071de00000| Complete 
| 156|0x000000071e000000, 0x000000071e200000, 0x000000071e200000|100%| E|CS|TAMS 0x000000071e000000, 0x000000071e000000| Complete 
| 157|0x000000071e200000, 0x000000071e400000, 0x000000071e400000|100%| E|CS|TAMS 0x000000071e200000, 0x000000071e200000| Complete 
| 158|0x000000071e400000, 0x000000071e600000, 0x000000071e600000|100%| E|CS|TAMS 0x000000071e400000, 0x000000071e400000| Complete 
| 159|0x000000071e600000, 0x000000071e800000, 0x000000071e800000|100%| E|CS|TAMS 0x000000071e600000, 0x000000071e600000| Complete 
| 160|0x000000071e800000, 0x000000071ea00000, 0x000000071ea00000|100%| E|CS|TAMS 0x000000071e800000, 0x000000071e800000| Complete 
| 161|0x000000071ea00000, 0x000000071ec00000, 0x000000071ec00000|100%| E|CS|TAMS 0x000000071ea00000, 0x000000071ea00000| Complete 

Card table byte_map: [0x0000020668170000,0x0000020668920000] _byte_map_base: 0x000002066491c000

Marking Bits (Prev, Next): (CMBitMap*) 0x0000020652b972b0, (CMBitMap*) 0x0000020652b97270
 Prev Bits: [0x000002066ce30000, 0x0000020670b90000)
 Next Bits: [0x00000206690d0000, 0x000002066ce30000)

Polling page: 0x0000020652c10000

Metaspace:

Usage:
  Non-class:     14.76 MB used.
      Class:      1.52 MB used.
       Both:     16.28 MB used.

Virtual space:
  Non-class space:       16.00 MB reserved,      14.81 MB ( 93%) committed,  2 nodes.
      Class space:        1.00 GB reserved,       1.62 MB ( <1%) committed,  1 nodes.
             Both:        1.02 GB reserved,      16.44 MB (  2%) committed. 

Chunk freelists:
   Non-Class:  905.00 KB
       Class:  2.24 MB
        Both:  3.13 MB

MaxMetaspaceSize: unlimited
CompressedClassSpaceSize: 1.00 GB
Initial GC threshold: 21.00 MB
Current GC threshold: 27.44 MB
CDS: off
MetaspaceReclaimPolicy: balanced
 - commit_granule_bytes: 65536.
 - commit_granule_words: 8192.
 - virtual_space_node_default_size: 1048576.
 - enlarge_chunks_in_place: 1.
 - new_chunks_are_fully_committed: 0.
 - uncommit_free_chunks: 1.
 - use_allocation_guard: 0.
 - handle_deallocations: 1.


Internal statistics:

num_allocs_failed_limit: 0.
num_arena_births: 132.
num_arena_deaths: 0.
num_vsnodes_births: 3.
num_vsnodes_deaths: 0.
num_space_committed: 263.
num_space_uncommitted: 0.
num_chunks_returned_to_freelist: 0.
num_chunks_taken_from_freelist: 241.
num_chunk_merges: 0.
num_chunk_splits: 115.
num_chunks_enlarged: 38.
num_purges: 0.
num_inconsistent_stats: 0.

CodeHeap 'non-profiled nmethods': size=119168Kb used=2648Kb max_used=2648Kb free=116520Kb
 bounds [0x000002065f5b0000, 0x000002065f850000, 0x0000020666a10000]
CodeHeap 'profiled nmethods': size=119104Kb used=5591Kb max_used=5591Kb free=113512Kb
 bounds [0x0000020658160000, 0x00000206586e0000, 0x000002065f5b0000]
CodeHeap 'non-nmethods': size=7488Kb used=1301Kb max_used=2935Kb free=6186Kb
 bounds [0x0000020657a10000, 0x0000020657cf0000, 0x0000020658160000]
 total_blobs=3552 nmethods=2921 adapters=543
 compilation: enabled
              stopped_count=0, restarted_count=0
 full_count=0

Compilation events (20 events):
Event: 84.880 Thread 0x0000020674897b80 nmethod 2917 0x000002065f83fa10 code [0x000002065f83fba0, 0x000002065f83fc78]
Event: 84.884 Thread 0x0000020674891c80 nmethod 2916 0x000002065f83fd10 code [0x000002065f83fee0, 0x000002065f840af8]
Event: 85.231 Thread 0x0000020674891c80 2918       4       java.security.AccessControlContext::optimize (319 bytes)
Event: 85.237 Thread 0x0000020674891c80 nmethod 2918 0x000002065f841090 code [0x000002065f841220, 0x000002065f841528]
Event: 85.281 Thread 0x0000020674891c80 2919       4       jdk.internal.logger.LazyLoggers$LazyLoggerWrapper::platformProxy (10 bytes)
Event: 85.286 Thread 0x0000020674891c80 nmethod 2919 0x000002065f841890 code [0x000002065f841a40, 0x000002065f842250]
Event: 85.391 Thread 0x0000020674891c80 2920       4       jdk.internal.logger.AbstractLoggerWrapper::isLoggable (26 bytes)
Event: 85.399 Thread 0x0000020674891c80 nmethod 2920 0x000002065f842410 code [0x000002065f8425e0, 0x000002065f842f10]
Event: 85.582 Thread 0x0000020674897b80 2921 %     3       main.CollisionChecker::checkEntity @ 9 (390 bytes)
Event: 85.583 Thread 0x0000020674897b80 nmethod 2921% 0x00000206586d3390 code [0x00000206586d35e0, 0x00000206586d3f38]
Event: 85.599 Thread 0x0000020674897b80 2922       3       main.CollisionChecker::checkEntity (390 bytes)
Event: 85.599 Thread 0x0000020674897b80 nmethod 2922 0x00000206586d4310 code [0x00000206586d4540, 0x00000206586d4d98]
Event: 85.882 Thread 0x0000020674891c80 2923 %     4       main.CollisionChecker::checkEntity @ 9 (390 bytes)
Event: 85.910 Thread 0x0000020674891c80 nmethod 2923% 0x000002065f843290 code [0x000002065f843460, 0x000002065f844338]
Event: 85.948 Thread 0x0000020674891c80 2924       4       main.CollisionChecker::checkEntity (390 bytes)
Event: 85.974 Thread 0x0000020674891c80 nmethod 2924 0x000002065f844990 code [0x000002065f844b60, 0x000002065f845978]
Event: 86.215 Thread 0x0000020674897b80 2925       3       java.util.Random::next (47 bytes)
Event: 86.216 Thread 0x0000020674897b80 nmethod 2925 0x00000206586d5110 code [0x00000206586d52c0, 0x00000206586d5548]
Event: 86.282 Thread 0x0000020674897b80 2926       3       java.util.Random::nextInt (74 bytes)
Event: 86.282 Thread 0x0000020674897b80 nmethod 2926 0x00000206586d5690 code [0x00000206586d5860, 0x00000206586d5d68]

GC Heap History (20 events):
Event: 13.732 GC heap before
{Heap before GC invocations=4 (full 0):
 garbage-first heap   total 251904K, used 148947K [0x000000070a800000, 0x0000000800000000)
  region size 2048K, 24 young (49152K), 1 survivors (2048K)
 Metaspace       used 15967K, committed 16128K, reserved 1064960K
  class space    used 1540K, committed 1600K, reserved 1048576K
}
Event: 13.735 GC heap after
{Heap after GC invocations=5 (full 0):
 garbage-first heap   total 251904K, used 90067K [0x000000070a800000, 0x0000000800000000)
  region size 2048K, 3 young (6144K), 3 survivors (6144K)
 Metaspace       used 15967K, committed 16128K, reserved 1064960K
  class space    used 1540K, committed 1600K, reserved 1048576K
}
Event: 38.942 GC heap before
{Heap before GC invocations=5 (full 0):
 garbage-first heap   total 251904K, used 200659K [0x000000070a800000, 0x0000000800000000)
  region size 2048K, 48 young (98304K), 3 survivors (6144K)
 Metaspace       used 16341K, committed 16448K, reserved 1064960K
  class space    used 1542K, committed 1600K, reserved 1048576K
}
Event: 38.944 GC heap after
{Heap after GC invocations=6 (full 0):
 garbage-first heap   total 251904K, used 102417K [0x000000070a800000, 0x0000000800000000)
  region size 2048K, 3 young (6144K), 3 survivors (6144K)
 Metaspace       used 16341K, committed 16448K, reserved 1064960K
  class space    used 1542K, committed 1600K, reserved 1048576K
}
Event: 62.734 GC heap before
{Heap before GC invocations=6 (full 0):
 garbage-first heap   total 251904K, used 221201K [0x000000070a800000, 0x0000000800000000)
  region size 2048K, 53 young (108544K), 3 survivors (6144K)
 Metaspace       used 16667K, committed 16832K, reserved 1064960K
  class space    used 1554K, committed 1664K, reserved 1048576K
}
Event: 62.742 GC heap after
{Heap after GC invocations=7 (full 0):
 garbage-first heap   total 251904K, used 136055K [0x000000070a800000, 0x0000000800000000)
  region size 2048K, 7 young (14336K), 7 survivors (14336K)
 Metaspace       used 16667K, committed 16832K, reserved 1064960K
  class space    used 1554K, committed 1664K, reserved 1048576K
}
Event: 63.666 GC heap before
{Heap before GC invocations=7 (full 0):
 garbage-first heap   total 251904K, used 160631K [0x000000070a800000, 0x0000000800000000)
  region size 2048K, 20 young (40960K), 7 survivors (14336K)
 Metaspace       used 16667K, committed 16832K, reserved 1064960K
  class space    used 1554K, committed 1664K, reserved 1048576K
}
Event: 63.670 GC heap after
{Heap after GC invocations=8 (full 0):
 garbage-first heap   total 251904K, used 140378K [0x000000070a800000, 0x0000000800000000)
  region size 2048K, 3 young (6144K), 3 survivors (6144K)
 Metaspace       used 16667K, committed 16832K, reserved 1064960K
  class space    used 1554K, committed 1664K, reserved 1048576K
}
Event: 75.599 GC heap before
{Heap before GC invocations=9 (full 0):
 garbage-first heap   total 251904K, used 220250K [0x000000070a800000, 0x0000000800000000)
  region size 2048K, 33 young (67584K), 3 survivors (6144K)
 Metaspace       used 16667K, committed 16832K, reserved 1064960K
  class space    used 1554K, committed 1664K, reserved 1048576K
}
Event: 75.601 GC heap after
{Heap after GC invocations=10 (full 0):
 garbage-first heap   total 251904K, used 161331K [0x000000070a800000, 0x0000000800000000)
  region size 2048K, 4 young (8192K), 4 survivors (8192K)
 Metaspace       used 16667K, committed 16832K, reserved 1064960K
  class space    used 1554K, committed 1664K, reserved 1048576K
}
Event: 75.834 GC heap before
{Heap before GC invocations=10 (full 0):
 garbage-first heap   total 251904K, used 165427K [0x000000070a800000, 0x0000000800000000)
  region size 2048K, 6 young (12288K), 4 survivors (8192K)
 Metaspace       used 16667K, committed 16832K, reserved 1064960K
  class space    used 1554K, committed 1664K, reserved 1048576K
}
Event: 75.836 GC heap after
{Heap after GC invocations=11 (full 0):
 garbage-first heap   total 251904K, used 158697K [0x000000070a800000, 0x0000000800000000)
  region size 2048K, 1 young (2048K), 1 survivors (2048K)
 Metaspace       used 16667K, committed 16832K, reserved 1064960K
  class space    used 1554K, committed 1664K, reserved 1048576K
}
Event: 78.605 GC heap before
{Heap before GC invocations=11 (full 0):
 garbage-first heap   total 251904K, used 209897K [0x000000070a800000, 0x0000000800000000)
  region size 2048K, 27 young (55296K), 1 survivors (2048K)
 Metaspace       used 16668K, committed 16832K, reserved 1064960K
  class space    used 1554K, committed 1664K, reserved 1048576K
}
Event: 78.606 GC heap after
{Heap after GC invocations=12 (full 0):
 garbage-first heap   total 251904K, used 160293K [0x000000070a800000, 0x0000000800000000)
  region size 2048K, 1 young (2048K), 1 survivors (2048K)
 Metaspace       used 16668K, committed 16832K, reserved 1064960K
  class space    used 1554K, committed 1664K, reserved 1048576K
}
Event: 80.402 GC heap before
{Heap before GC invocations=13 (full 0):
 garbage-first heap   total 270336K, used 205349K [0x000000070a800000, 0x0000000800000000)
  region size 2048K, 25 young (51200K), 1 survivors (2048K)
 Metaspace       used 16668K, committed 16832K, reserved 1064960K
  class space    used 1554K, committed 1664K, reserved 1048576K
}
Event: 80.404 GC heap after
{Heap after GC invocations=14 (full 0):
 garbage-first heap   total 270336K, used 161845K [0x000000070a800000, 0x0000000800000000)
  region size 2048K, 3 young (6144K), 3 survivors (6144K)
 Metaspace       used 16668K, committed 16832K, reserved 1064960K
  class space    used 1554K, committed 1664K, reserved 1048576K
}
Event: 80.567 GC heap before
{Heap before GC invocations=14 (full 0):
 garbage-first heap   total 270336K, used 167989K [0x000000070a800000, 0x0000000800000000)
  region size 2048K, 6 young (12288K), 3 survivors (6144K)
 Metaspace       used 16668K, committed 16832K, reserved 1064960K
  class space    used 1554K, committed 1664K, reserved 1048576K
}
Event: 80.569 GC heap after
{Heap after GC invocations=15 (full 0):
 garbage-first heap   total 270336K, used 163741K [0x000000070a800000, 0x0000000800000000)
  region size 2048K, 1 young (2048K), 1 survivors (2048K)
 Metaspace       used 16668K, committed 16832K, reserved 1064960K
  class space    used 1554K, committed 1664K, reserved 1048576K
}
Event: 82.256 GC heap before
{Heap before GC invocations=15 (full 0):
 garbage-first heap   total 270336K, used 192413K [0x000000070a800000, 0x0000000800000000)
  region size 2048K, 16 young (32768K), 1 survivors (2048K)
 Metaspace       used 16668K, committed 16832K, reserved 1064960K
  class space    used 1554K, committed 1664K, reserved 1048576K
}
Event: 82.258 GC heap after
{Heap after GC invocations=16 (full 0):
 garbage-first heap   total 331776K, used 163597K [0x000000070a800000, 0x0000000800000000)
  region size 2048K, 1 young (2048K), 1 survivors (2048K)
 Metaspace       used 16668K, committed 16832K, reserved 1064960K
  class space    used 1554K, committed 1664K, reserved 1048576K
}

Deoptimization events (20 events):
Event: 44.421 Thread 0x000002067538cb10 DEOPT PACKING pc=0x000002065f742ecc sp=0x000000d7277fef40
Event: 44.421 Thread 0x000002067538cb10 DEOPT UNPACKING pc=0x0000020657a623a3 sp=0x000000d7277feee8 mode 2
Event: 44.665 Thread 0x000002067538cb10 DEOPT PACKING pc=0x0000020658653820 sp=0x000000d7277fee70
Event: 44.665 Thread 0x000002067538cb10 DEOPT UNPACKING pc=0x0000020657a62b43 sp=0x000000d7277fe308 mode 0
Event: 45.348 Thread 0x000002067538cb10 DEOPT PACKING pc=0x0000020658653820 sp=0x000000d7277fee70
Event: 45.348 Thread 0x000002067538cb10 DEOPT UNPACKING pc=0x0000020657a62b43 sp=0x000000d7277fe308 mode 0
Event: 46.032 Thread 0x000002067538cb10 DEOPT PACKING pc=0x0000020658653820 sp=0x000000d7277fee70
Event: 46.032 Thread 0x000002067538cb10 DEOPT UNPACKING pc=0x0000020657a62b43 sp=0x000000d7277fe308 mode 0
Event: 46.270 Thread 0x000002067538cb10 DEOPT PACKING pc=0x00000206585323ad sp=0x000000d7277fee60
Event: 46.270 Thread 0x000002067538cb10 DEOPT UNPACKING pc=0x0000020657a62b43 sp=0x000000d7277fe300 mode 0
Event: 46.815 Thread 0x000002067538cb10 DEOPT PACKING pc=0x0000020658653820 sp=0x000000d7277feef0
Event: 46.815 Thread 0x000002067538cb10 DEOPT UNPACKING pc=0x0000020657a62b43 sp=0x000000d7277fe388 mode 0
Event: 51.152 Thread 0x000002067538cb10 DEOPT PACKING pc=0x000002065869cda3 sp=0x000000d7277feef0
Event: 51.152 Thread 0x000002067538cb10 DEOPT UNPACKING pc=0x0000020657a62b43 sp=0x000000d7277fe3d0 mode 0
Event: 85.582 Thread 0x000002067538cb10 Uncommon trap: trap_request=0xffffff45 fr.pc=0x000002065f717a98 relative=0x0000000000000738
Event: 85.582 Thread 0x000002067538cb10 Uncommon trap: reason=unstable_if action=reinterpret pc=0x000002065f717a98 method=main.CollisionChecker.checkEntity(Lentity/Entity;[Lentity/Entity;)I @ 311 c2
Event: 85.582 Thread 0x000002067538cb10 DEOPT PACKING pc=0x000002065f717a98 sp=0x000000d7277fee90
Event: 85.582 Thread 0x000002067538cb10 DEOPT UNPACKING pc=0x0000020657a623a3 sp=0x000000d7277fee28 mode 2
Event: 85.948 Thread 0x000002067538cb10 DEOPT PACKING pc=0x00000206586d4c72 sp=0x000000d7277fee90
Event: 85.949 Thread 0x000002067538cb10 DEOPT UNPACKING pc=0x0000020657a62b43 sp=0x000000d7277fe318 mode 0

Classes unloaded (0 events):
No events

Classes redefined (0 events):
No events

Internal exceptions (15 events):
Event: 0.299 Thread 0x0000020652b2bb60 Exception <a 'java/lang/ClassNotFoundException'{0x0000000719d9e940}: sun/awt/resources/spi/awtProvider> (0x0000000719d9e940) 
thrown [s\src\hotspot\share\classfile\systemDictionary.cpp, line 256]
Event: 0.372 Thread 0x0000020652b2bb60 Exception <a 'java/io/FileNotFoundException'{0x0000000719df9328}> (0x0000000719df9328) 
thrown [s\src\hotspot\share\prims\jni.cpp, line 516]
Event: 0.389 Thread 0x0000020652b2bb60 Exception <a 'java/io/FileNotFoundException'{0x0000000719a26da0}> (0x0000000719a26da0) 
thrown [s\src\hotspot\share\prims\jni.cpp, line 516]
Event: 0.481 Thread 0x0000020652b2bb60 Exception <a 'java/lang/NoSuchMethodError'{0x0000000719a67610}: 'java.lang.Object java.lang.invoke.DirectMethodHandle$Holder.invokeStaticInit(java.lang.Object)'> (0x0000000719a67610) 
thrown [s\src\hotspot\share\interpreter\linkResolver.cpp, line 759]
Event: 0.642 Thread 0x0000020652b2bb60 Exception <a 'java/lang/NoSuchMethodError'{0x0000000719ab2408}: 'void java.lang.invoke.DirectMethodHandle$Holder.invokeSpecial(java.lang.Object, java.lang.Object, java.lang.Object)'> (0x0000000719ab2408) 
thrown [s\src\hotspot\share\interpreter\linkResolver.cpp, line 759]
Event: 0.662 Thread 0x0000020652b2bb60 Exception <a 'java/lang/NoSuchMethodError'{0x0000000719adc420}: 'java.lang.Object java.lang.invoke.DirectMethodHandle$Holder.newInvokeSpecial(java.lang.Object, java.lang.Object, java.lang.Object, java.lang.Object, java.lang.Object)'> (0x0000000719adc420) 
thrown [s\src\hotspot\share\interpreter\linkResolver.cpp, line 759]
Event: 0.668 Thread 0x0000020652b2bb60 Exception <a 'java/lang/NoSuchMethodError'{0x0000000719b58a98}: 'java.lang.Object java.lang.invoke.DirectMethodHandle$Holder.invokeStatic(java.lang.Object, int, java.lang.Object, java.lang.Object, java.lang.Object, java.lang.Object)'> (0x0000000719b58a98) 
thrown [s\src\hotspot\share\interpreter\linkResolver.cpp, line 759]
Event: 0.679 Thread 0x0000020652b2bb60 Exception <a 'java/lang/NoSuchMethodError'{0x0000000719b7e258}: 'java.lang.Object java.lang.invoke.DirectMethodHandle$Holder.invokeStatic(java.lang.Object, int, java.lang.Object)'> (0x0000000719b7e258) 
thrown [s\src\hotspot\share\interpreter\linkResolver.cpp, line 759]
Event: 0.724 Thread 0x0000020652b2bb60 Exception <a 'java/lang/ClassNotFoundException'{0x0000000719836040}: com/sun/swing/internal/plaf/metal/resources/spi/metalProvider> (0x0000000719836040) 
thrown [s\src\hotspot\share\classfile\systemDictionary.cpp, line 256]
Event: 0.726 Thread 0x0000020652b2bb60 Exception <a 'java/lang/ClassNotFoundException'{0x0000000719839c70}: com/sun/swing/internal/plaf/basic/resources/spi/basicProvider> (0x0000000719839c70) 
thrown [s\src\hotspot\share\classfile\systemDictionary.cpp, line 256]
Event: 0.807 Thread 0x0000020652b2bb60 Exception <a 'java/lang/NoSuchMethodError'{0x00000007198d3a90}: 'java.lang.Object java.lang.invoke.DirectMethodHandle$Holder.invokeStaticInit(java.lang.Object, int, int, int, int)'> (0x00000007198d3a90) 
thrown [s\src\hotspot\share\interpreter\linkResolver.cpp, line 759]
Event: 0.910 Thread 0x0000020652b2bb60 Exception <a 'java/lang/NoSuchMethodError'{0x000000071995a970}: 'java.lang.Object java.lang.invoke.DirectMethodHandle$Holder.invokeStaticInit(java.lang.Object, java.lang.Object, int, int, int, int)'> (0x000000071995a970) 
thrown [s\src\hotspot\share\interpreter\linkResolver.cpp, line 759]
Event: 8.291 Thread 0x0000020652b2bb60 Exception <a 'java/lang/NoSuchMethodError'{0x000000071487c200}: 'void java.lang.invoke.DirectMethodHandle$Holder.invokeStaticInit(java.lang.Object)'> (0x000000071487c200) 
thrown [s\src\hotspot\share\interpreter\linkResolver.cpp, line 759]
Event: 8.343 Thread 0x0000020674d14090 Exception <a 'java/lang/NoSuchMethodError'{0x0000000714909218}: 'void java.lang.invoke.DirectMethodHandle$Holder.invokeVirtual(java.lang.Object, java.lang.Object)'> (0x0000000714909218) 
thrown [s\src\hotspot\share\interpreter\linkResolver.cpp, line 759]
Event: 13.676 Thread 0x00000206751fb2e0 Implicit null exception at 0x000002065f6ec351 to 0x000002065f6edd40

VM Operations (20 events):
Event: 80.366 Executing VM operation: G1CollectForAllocation
Event: 80.387 Executing VM operation: G1CollectForAllocation done
Event: 80.387 Executing VM operation: G1CollectForAllocation
Event: 80.404 Executing VM operation: G1CollectForAllocation done
Event: 80.567 Executing VM operation: G1CollectForAllocation
Event: 80.569 Executing VM operation: G1CollectForAllocation done
Event: 81.576 Executing VM operation: Cleanup
Event: 81.576 Executing VM operation: Cleanup done
Event: 82.255 Executing VM operation: G1TryInitiateConcMark
Event: 82.255 Executing VM operation: G1TryInitiateConcMark done
Event: 82.256 Executing VM operation: G1CollectForAllocation
Event: 82.258 Executing VM operation: G1CollectForAllocation done
Event: 82.264 Executing VM operation: G1Concurrent
Event: 82.276 Executing VM operation: G1Concurrent done
Event: 82.280 Executing VM operation: G1Concurrent
Event: 82.288 Executing VM operation: G1Concurrent done
Event: 86.326 Executing VM operation: Cleanup
Event: 86.342 Executing VM operation: Cleanup done
Event: 87.352 Executing VM operation: Cleanup
Event: 87.352 Executing VM operation: Cleanup done

Events (20 events):
Event: 46.601 Thread 0x000002067b8190b0 Thread added: 0x000002067b8190b0
Event: 63.743 Thread 0x000002067b814880 Thread added: 0x000002067b814880
Event: 76.445 loading class java/net/Proxy
Event: 76.445 loading class java/net/Proxy done
Event: 80.321 Thread 0x0000020600ff18b0 Thread added: 0x0000020600ff18b0
Event: 80.321 Thread 0x000002067b2e0540 Thread added: 0x000002067b2e0540
Event: 82.263 Thread 0x000002067b2e0540 Thread exited: 0x000002067b2e0540
Event: 82.263 Thread 0x0000020600ff18b0 Thread exited: 0x0000020600ff18b0
Event: 82.341 Thread 0x000002067b8173d0 Thread added: 0x000002067b8173d0
Event: 87.310 Thread 0x000002067b81a3f0 Thread added: 0x000002067b81a3f0
Event: 87.310 Thread 0x000002067b817d70 Thread added: 0x000002067b817d70
Event: 87.310 Thread 0x000002067b8178a0 Thread added: 0x000002067b8178a0
Event: 87.310 loading class java/util/WeakHashMap$KeyIterator
Event: 87.311 Thread 0x000002067b8178a0 Thread exited: 0x000002067b8178a0
Event: 87.311 loading class java/util/WeakHashMap$HashIterator
Event: 87.311 loading class java/util/WeakHashMap$HashIterator done
Event: 87.311 loading class java/util/WeakHashMap$KeyIterator done
Event: 87.311 Thread 0x000002067b817d70 Thread exited: 0x000002067b817d70
Event: 87.312 Thread 0x000002067b19c2c0 Thread exited: 0x000002067b19c2c0
Event: 87.336 Thread 0x0000020674d14090 Thread exited: 0x0000020674d14090


Dynamic libraries:
0x00007ff7265f0000 - 0x00007ff7265fe000 	C:\Users\Andrian Ang\.p2\pool\plugins\org.eclipse.justj.openjdk.hotspot.jre.full.win32.x86_64_17.0.4.v20220903-1038\jre\bin\javaw.exe
0x00007ffbce110000 - 0x00007ffbce308000 	C:\WINDOWS\SYSTEM32\ntdll.dll
0x00007ffbcd1e0000 - 0x00007ffbcd29f000 	C:\WINDOWS\System32\KERNEL32.DLL
0x00007ffbcb800000 - 0x00007ffbcbad2000 	C:\WINDOWS\System32\KERNELBASE.dll
0x00007ffbcbe70000 - 0x00007ffbcbf70000 	C:\WINDOWS\System32\ucrtbase.dll
0x00007ffbc6ae0000 - 0x00007ffbc6af8000 	C:\Users\Andrian Ang\.p2\pool\plugins\org.eclipse.justj.openjdk.hotspot.jre.full.win32.x86_64_17.0.4.v20220903-1038\jre\bin\jli.dll
0x00007ffbccdb0000 - 0x00007ffbccf51000 	C:\WINDOWS\System32\USER32.dll
0x00007ffbcbc90000 - 0x00007ffbcbcb2000 	C:\WINDOWS\System32\win32u.dll
0x00007ffbcdbb0000 - 0x00007ffbcdbdb000 	C:\WINDOWS\System32\GDI32.dll
0x00007ffbcbb80000 - 0x00007ffbcbc8f000 	C:\WINDOWS\System32\gdi32full.dll
0x00007ffbcbae0000 - 0x00007ffbcbb7d000 	C:\WINDOWS\System32\msvcp_win.dll
0x00007ffbbda30000 - 0x00007ffbbda49000 	C:\Users\Andrian Ang\.p2\pool\plugins\org.eclipse.justj.openjdk.hotspot.jre.full.win32.x86_64_17.0.4.v20220903-1038\jre\bin\VCRUNTIME140.dll
0x00007ffbbaa00000 - 0x00007ffbbac9a000 	C:\WINDOWS\WinSxS\amd64_microsoft.windows.common-controls_6595b64144ccf1df_6.0.19041.1110_none_60b5254171f9507e\COMCTL32.dll
0x00007ffbccd10000 - 0x00007ffbccdae000 	C:\WINDOWS\System32\msvcrt.dll
0x00007ffbcc580000 - 0x00007ffbcc5b2000 	C:\WINDOWS\System32\IMM32.DLL
0x00007ffbc4290000 - 0x00007ffbc429c000 	C:\Users\Andrian Ang\.p2\pool\plugins\org.eclipse.justj.openjdk.hotspot.jre.full.win32.x86_64_17.0.4.v20220903-1038\jre\bin\vcruntime140_1.dll
0x00007ffbbc7a0000 - 0x00007ffbbc831000 	C:\Users\Andrian Ang\.p2\pool\plugins\org.eclipse.justj.openjdk.hotspot.jre.full.win32.x86_64_17.0.4.v20220903-1038\jre\bin\msvcp140.dll
0x00007ffb8b6e0000 - 0x00007ffb8c326000 	C:\Users\Andrian Ang\.p2\pool\plugins\org.eclipse.justj.openjdk.hotspot.jre.full.win32.x86_64_17.0.4.v20220903-1038\jre\bin\server\jvm.dll
0x00007ffbcc4d0000 - 0x00007ffbcc57e000 	C:\WINDOWS\System32\ADVAPI32.dll
0x00007ffbcd5f0000 - 0x00007ffbcd68c000 	C:\WINDOWS\System32\sechost.dll
0x00007ffbcd4b0000 - 0x00007ffbcd5d5000 	C:\WINDOWS\System32\RPCRT4.dll
0x00007ffbcdba0000 - 0x00007ffbcdba8000 	C:\WINDOWS\System32\PSAPI.DLL
0x00007ffbc1620000 - 0x00007ffbc162a000 	C:\WINDOWS\SYSTEM32\VERSION.dll
0x00007ffbc15f0000 - 0x00007ffbc1617000 	C:\WINDOWS\SYSTEM32\WINMM.dll
0x00007ffbb4b70000 - 0x00007ffbb4b79000 	C:\WINDOWS\SYSTEM32\WSOCK32.dll
0x00007ffbcd050000 - 0x00007ffbcd0bb000 	C:\WINDOWS\System32\WS2_32.dll
0x00007ffbc9880000 - 0x00007ffbc9892000 	C:\WINDOWS\SYSTEM32\kernel.appcore.dll
0x00007ffbc8060000 - 0x00007ffbc806a000 	C:\Users\Andrian Ang\.p2\pool\plugins\org.eclipse.justj.openjdk.hotspot.jre.full.win32.x86_64_17.0.4.v20220903-1038\jre\bin\jimage.dll
0x00007ffbc9390000 - 0x00007ffbc9574000 	C:\WINDOWS\SYSTEM32\DBGHELP.DLL
0x00007ffbb39b0000 - 0x00007ffbb39e5000 	C:\WINDOWS\SYSTEM32\dbgcore.DLL
0x00007ffbcc0c0000 - 0x00007ffbcc142000 	C:\WINDOWS\System32\bcryptPrimitives.dll
0x00007ffbbced0000 - 0x00007ffbbcef5000 	C:\Users\Andrian Ang\.p2\pool\plugins\org.eclipse.justj.openjdk.hotspot.jre.full.win32.x86_64_17.0.4.v20220903-1038\jre\bin\java.dll
0x00007ffbc48c0000 - 0x00007ffbc48d8000 	C:\Users\Andrian Ang\.p2\pool\plugins\org.eclipse.justj.openjdk.hotspot.jre.full.win32.x86_64_17.0.4.v20220903-1038\jre\bin\zip.dll
0x00007ffbcc5c0000 - 0x00007ffbccd04000 	C:\WINDOWS\System32\SHELL32.dll
0x00007ffbc98c0000 - 0x00007ffbca052000 	C:\WINDOWS\SYSTEM32\windows.storage.dll
0x00007ffbcd840000 - 0x00007ffbcdb95000 	C:\WINDOWS\System32\combase.dll
0x00007ffbcb260000 - 0x00007ffbcb290000 	C:\WINDOWS\SYSTEM32\Wldp.dll
0x00007ffbcc290000 - 0x00007ffbcc33d000 	C:\WINDOWS\System32\SHCORE.dll
0x00007ffbcd450000 - 0x00007ffbcd4a5000 	C:\WINDOWS\System32\shlwapi.dll
0x00007ffbcb740000 - 0x00007ffbcb75f000 	C:\WINDOWS\SYSTEM32\profapi.dll
0x00007ffb98680000 - 0x00007ffb9880e000 	C:\Users\Andrian Ang\.p2\pool\plugins\org.eclipse.justj.openjdk.hotspot.jre.full.win32.x86_64_17.0.4.v20220903-1038\jre\bin\awt.dll
0x00007ffbcc150000 - 0x00007ffbcc21d000 	C:\WINDOWS\System32\OLEAUT32.dll
0x00007ffbc8a50000 - 0x00007ffbc8ae1000 	C:\WINDOWS\SYSTEM32\apphelp.dll
0x00007ffbc8e50000 - 0x00007ffbc8e7f000 	C:\WINDOWS\system32\DWMAPI.DLL
0x00007ffbc8d50000 - 0x00007ffbc8dee000 	C:\WINDOWS\system32\uxtheme.dll
0x00007ffb8d050000 - 0x00007ffb8d175000 	C:\WINDOWS\system32\opengl32.dll
0x00007ffbba370000 - 0x00007ffbba39c000 	C:\WINDOWS\SYSTEM32\GLU32.dll
0x00007ffbcd0c0000 - 0x00007ffbcd1d5000 	C:\WINDOWS\System32\MSCTF.dll
0x00007ffbcc340000 - 0x00007ffbcc46a000 	C:\WINDOWS\System32\ole32.dll
0x00007ffbcc090000 - 0x00007ffbcc0b7000 	C:\WINDOWS\System32\bcrypt.dll
0x00007ffbcaec0000 - 0x00007ffbcaf0b000 	C:\WINDOWS\SYSTEM32\POWRPROF.dll
0x00007ffbcadc0000 - 0x00007ffbcadd2000 	C:\WINDOWS\SYSTEM32\UMPDC.dll
0x00007ffbc3410000 - 0x00007ffbc344b000 	C:\WINDOWS\SYSTEM32\dxcore.dll
0x00007ffbcbcc0000 - 0x00007ffbcbd0e000 	C:\WINDOWS\System32\cfgmgr32.dll
0x00007ffbcb1b0000 - 0x00007ffbcb1c8000 	C:\WINDOWS\SYSTEM32\CRYPTSP.dll
0x00007ffbca870000 - 0x00007ffbca8a4000 	C:\WINDOWS\system32\rsaenh.dll
0x00007ffbcb6c0000 - 0x00007ffbcb6ee000 	C:\WINDOWS\SYSTEM32\USERENV.dll
0x00007ffbcb1d0000 - 0x00007ffbcb1dc000 	C:\WINDOWS\SYSTEM32\CRYPTBASE.dll
0x00007ffbc3520000 - 0x00007ffbc3539000 	C:\Users\Andrian Ang\.p2\pool\plugins\org.eclipse.justj.openjdk.hotspot.jre.full.win32.x86_64_17.0.4.v20220903-1038\jre\bin\net.dll
0x00007ffbc5990000 - 0x00007ffbc5a9c000 	C:\WINDOWS\SYSTEM32\WINHTTP.dll
0x00007ffbcafc0000 - 0x00007ffbcb02a000 	C:\WINDOWS\system32\mswsock.dll
0x00007ffbcac40000 - 0x00007ffbcac7b000 	C:\WINDOWS\SYSTEM32\IPHLPAPI.DLL
0x00007ffbcd5e0000 - 0x00007ffbcd5e8000 	C:\WINDOWS\System32\NSI.dll
0x00007ffbc2000000 - 0x00007ffbc2017000 	C:\WINDOWS\SYSTEM32\dhcpcsvc6.DLL
0x00007ffbc3540000 - 0x00007ffbc355d000 	C:\WINDOWS\SYSTEM32\dhcpcsvc.DLL
0x00007ffbcac80000 - 0x00007ffbcad4a000 	C:\WINDOWS\SYSTEM32\DNSAPI.dll
0x00007ffbc17c0000 - 0x00007ffbc17d5000 	C:\Users\Andrian Ang\.p2\pool\plugins\org.eclipse.justj.openjdk.hotspot.jre.full.win32.x86_64_17.0.4.v20220903-1038\jre\bin\nio.dll
0x00007ffbbc650000 - 0x00007ffbbc6d6000 	C:\Users\Andrian Ang\.p2\pool\plugins\org.eclipse.justj.openjdk.hotspot.jre.full.win32.x86_64_17.0.4.v20220903-1038\jre\bin\freetype.dll
0x00007ffbbc5a0000 - 0x00007ffbbc648000 	C:\Users\Andrian Ang\.p2\pool\plugins\org.eclipse.justj.openjdk.hotspot.jre.full.win32.x86_64_17.0.4.v20220903-1038\jre\bin\fontmanager.dll
0x00007ffbbd350000 - 0x00007ffbbd449000 	C:\WINDOWS\SYSTEM32\textinputframework.dll
0x00007ffbc8780000 - 0x00007ffbc8872000 	C:\WINDOWS\System32\CoreMessaging.dll
0x00007ffbc80a0000 - 0x00007ffbc83fe000 	C:\WINDOWS\System32\CoreUIComponents.dll
0x00007ffbca990000 - 0x00007ffbca9c3000 	C:\WINDOWS\SYSTEM32\ntmarta.dll
0x00007ffbc6fd0000 - 0x00007ffbc7124000 	C:\WINDOWS\SYSTEM32\wintypes.dll
0x00007ffbba900000 - 0x00007ffbba966000 	C:\WINDOWS\system32\Oleacc.dll
0x00007ffbbca60000 - 0x00007ffbbca71000 	C:\Users\Andrian Ang\.p2\pool\plugins\org.eclipse.justj.openjdk.hotspot.jre.full.win32.x86_64_17.0.4.v20220903-1038\jre\bin\jsound.dll
0x00007ffbbc500000 - 0x00007ffbbc59c000 	C:\WINDOWS\SYSTEM32\DSOUND.dll
0x00007ffbb46f0000 - 0x00007ffbb4716000 	C:\WINDOWS\SYSTEM32\winmmbase.dll
0x00007ffbcd690000 - 0x00007ffbcd73f000 	C:\WINDOWS\System32\clbcatq.dll
0x00007ffbc3830000 - 0x00007ffbc38b5000 	C:\WINDOWS\System32\MMDevApi.dll
0x00007ffbcb5b0000 - 0x00007ffbcb5dc000 	C:\WINDOWS\System32\DEVOBJ.dll
0x00007ffbbc750000 - 0x00007ffbbc796000 	C:\WINDOWS\SYSTEM32\wdmaud.drv
0x00007ffbc20d0000 - 0x00007ffbc20d9000 	C:\WINDOWS\SYSTEM32\ksuser.dll
0x00007ffbc6430000 - 0x00007ffbc643a000 	C:\WINDOWS\SYSTEM32\AVRT.dll
0x00007ffbc3960000 - 0x00007ffbc3ae2000 	C:\WINDOWS\SYSTEM32\AUDIOSES.DLL
0x00007ffbc20a0000 - 0x00007ffbc20ad000 	C:\WINDOWS\SYSTEM32\msacm32.drv
0x00007ffbbc730000 - 0x00007ffbbc74e000 	C:\WINDOWS\SYSTEM32\MSACM32.dll
0x00007ffbbd6d0000 - 0x00007ffbbd6db000 	C:\WINDOWS\SYSTEM32\midimap.dll
0x00007ffbc8e30000 - 0x00007ffbc8e44000 	C:\WINDOWS\SYSTEM32\resourcepolicyclient.dll
0x00007ffbbd450000 - 0x00007ffbbd591000 	C:\Windows\System32\Windows.UI.dll
0x00007ffbc5700000 - 0x00007ffbc57a1000 	C:\Windows\System32\WindowManagementAPI.dll
0x00007ffbbd1f0000 - 0x00007ffbbd342000 	C:\Windows\System32\InputHost.dll
0x00007ffbc54f0000 - 0x00007ffbc56f0000 	C:\WINDOWS\SYSTEM32\twinapi.appcore.dll
0x00007ffbc9580000 - 0x00007ffbc9676000 	C:\Windows\System32\PROPSYS.dll

dbghelp: loaded successfully - version: 4.0.5 - missing functions: none
symbol engine: initialized successfully - sym options: 0x614 - pdb path: .;C:\Users\Andrian Ang\.p2\pool\plugins\org.eclipse.justj.openjdk.hotspot.jre.full.win32.x86_64_17.0.4.v20220903-1038\jre\bin;C:\WINDOWS\SYSTEM32;C:\WINDOWS\WinSxS\amd64_microsoft.windows.common-controls_6595b64144ccf1df_6.0.19041.1110_none_60b5254171f9507e;C:\Users\Andrian Ang\.p2\pool\plugins\org.eclipse.justj.openjdk.hotspot.jre.full.win32.x86_64_17.0.4.v20220903-1038\jre\bin\server;C:\WINDOWS\System32\DriverStore\FileRepository\u0363596.inf_amd64_260b85ede5e8fd43\B363552

VM Arguments:
jvm_args: -Dfile.encoding=UTF-8 -XX:+ShowCodeDetailsInExceptionMessages 
java_command: main.Main
java_class_path (initial): C:\Users\Andrian Ang\OneDrive\Documents\Light-Night\bin
Launcher Type: SUN_STANDARD

[Global flags]
     intx CICompilerCount                          = 12                                        {product} {ergonomic}
     uint ConcGCThreads                            = 3                                         {product} {ergonomic}
     uint G1ConcRefinementThreads                  = 13                                        {product} {ergonomic}
   size_t G1HeapRegionSize                         = 2097152                                   {product} {ergonomic}
    uintx GCDrainStackTargetSize                   = 64                                        {product} {ergonomic}
   size_t InitialHeapSize                          = 257949696                                 {product} {ergonomic}
   size_t MarkStackSize                            = 4194304                                   {product} {ergonomic}
   size_t MaxHeapSize                              = 4118806528                                {product} {ergonomic}
   size_t MaxNewSize                               = 2470445056                                {product} {ergonomic}
   size_t MinHeapDeltaBytes                        = 2097152                                   {product} {ergonomic}
   size_t MinHeapSize                              = 8388608                                   {product} {ergonomic}
    uintx NonNMethodCodeHeapSize                   = 7602480                                {pd product} {ergonomic}
    uintx NonProfiledCodeHeapSize                  = 122027880                              {pd product} {ergonomic}
    uintx ProfiledCodeHeapSize                     = 122027880                              {pd product} {ergonomic}
    uintx ReservedCodeCacheSize                    = 251658240                              {pd product} {ergonomic}
     bool SegmentedCodeCache                       = true                                      {product} {ergonomic}
     bool ShowCodeDetailsInExceptionMessages       = true                                   {manageable} {command line}
   size_t SoftMaxHeapSize                          = 4118806528                             {manageable} {ergonomic}
     bool UseCompressedClassPointers               = true                           {product lp64_product} {ergonomic}
     bool UseCompressedOops                        = true                           {product lp64_product} {ergonomic}
     bool UseG1GC                                  = true                                      {product} {ergonomic}
     bool UseLargePagesIndividualAllocation        = false                                  {pd product} {ergonomic}

Logging:
Log output configuration:
 #0: stdout all=warning uptime,level,tags
 #1: stderr all=off uptime,level,tags

Environment Variables:
PATH=C:/Users/Andrian Ang/.p2/pool/plugins/org.eclipse.justj.openjdk.hotspot.jre.full.win32.x86_64_17.0.4.v20220903-1038/jre/bin/server;C:/Users/Andrian Ang/.p2/pool/plugins/org.eclipse.justj.openjdk.hotspot.jre.full.win32.x86_64_17.0.4.v20220903-1038/jre/bin;C:\ProgramData\Oracle\Java\javapath;C:\Program Files (x86)\Common Files\Intel\Shared Libraries\redist\intel64\compiler;C:\WINDOWS\system32;C:\WINDOWS;C:\WINDOWS\System32\Wbem;C:\WINDOWS\System32\WindowsPowerShell\v1.0\;C:\WINDOWS\System32\OpenSSH\;C:\msys64\mingw64\bin;C:\Program Files\Git\cmd;C:\Users\Andrian Ang\AppData\Local\Microsoft\WindowsApps;C:\msys64\mingw64\bin;C:\Users\Andrian Ang\AppData\Local\Programs\Microsoft VS Code\bin;C:\Users\Andrian Ang\AppData\Local\Microsoft\WindowsApps;C:\msys64\mingw64\bin;;C:\Users\Andrian Ang\OneDrive\Desktop;
USERNAME=Andrian Ang
OS=Windows_NT
PROCESSOR_IDENTIFIER=AMD64 Family 23 Model 104 Stepping 1, AuthenticAMD
TMP=C:\Users\ANDRIA~1\AppData\Local\Temp
TEMP=C:\Users\ANDRIA~1\AppData\Local\Temp



---------------  S Y S T E M  ---------------

OS:
 Windows 10 , 64 bit Build 19041 (10.0.19041.2364)
OS uptime: 1 days 22:35 hours

CPU: total 16 (initial active 16) (16 cores per cpu, 2 threads per core) family 23 model 104 stepping 1 microcode 0x0, cx8, cmov, fxsr, ht, mmx, 3dnowpref, sse, sse2, sse3, ssse3, sse4a, sse4.1, sse4.2, popcnt, lzcnt, tsc, tscinvbit, avx, avx2, aes, clmul, bmi1, bmi2, adx, sha, fma, vzeroupper, clflush, clflushopt

Memory: 4k page, system-wide physical 15706M (8952M free)
TotalPageFile size 18138M (AvailPageFile size 9844M)
current process WorkingSet (physical memory assigned to process): 436M, peak: 518M
current process commit charge ("private bytes"): 541M, peak: 628M

vm_info: OpenJDK 64-Bit Server VM (17.0.4.1+1) for windows-amd64 JRE (17.0.4.1+1), built on Aug 17 2022 07:42:43 by "temurin" with MS VC++ 16.7 (VS2019)

END.
